{"meta": {"format": 3, "version": "7.13.5", "timestamp": "2026-04-01T05:01:33.076649", "branch_coverage": false, "show_contexts": false}, "files": {"rex/__init__.py": {"executed_lines": [3], "summary": {"covered_lines": 1, "num_statements": 1, "percent_covered": 100.0, "percent_covered_display": "100", "missing_lines": 0, "excluded_lines": 0, "percent_statements_covered": 100.0, "percent_statements_covered_display": "100"}, "missing_lines": [], "excluded_lines": [], "functions": {"": {"executed_lines": [3], "summary": {"covered_lines": 1, "num_statements": 1, "percent_covered": 100.0, "percent_covered_display": "100", "missing_lines": 0, "excluded_lines": 0, "percent_statements_covered": 100.0, "percent_statements_covered_display": "100"}, "missing_lines": [], "excluded_lines": [], "start_line": 1}}, "classes": {"": {"executed_lines": [3], "summary": {"covered_lines": 1, "num_statements": 1, "percent_covered": 100.0, "percent_covered_display": "100", "missing_lines": 0, "excluded_lines": 0, "percent_statements_covered": 100.0, "percent_statements_covered_display": "100"}, "missing_lines": [], "excluded_lines": [], "start_line": 1}}}, "rex/bark/__init__.py": {"executed_lines": [], "summary": {"covered_lines": 0, "num_statements": 0, "percent_covered": 100.0, "percent_covered_display": "100", "missing_lines": 0, "excluded_lines": 0, "percent_statements_covered": 100.0, "percent_statements_covered_display": "100"}, "missing_lines": [], "excluded_lines": [], "functions": {"": {"executed_lines": [], "summary": {"covered_lines": 0, "num_statements": 0, "percent_covered": 100.0, "percent_covered_display": "100", "missing_lines": 0, "excluded_lines": 0, "percent_statements_covered": 100.0, "percent_statements_covered_display": "100"}, "missing_lines": [], "excluded_lines": [], "start_line": 1}}, "classes": {"": {"executed_lines": [], "summary": {"covered_lines": 0, "num_statements": 0, "percent_covered": 100.0, "percent_covered_display": "100", "missing_lines": 0, "excluded_lines": 0, "percent_statements_covered": 100.0, "percent_statements_covered_display": "100"}, "missing_lines": [], "excluded_lines": [], "start_line": 1}}}, "rex/bark/channels/__init__.py": {"executed_lines": [], "summary": {"covered_lines": 0, "num_statements": 0, "percent_covered": 100.0, "percent_covered_display": "100", "missing_lines": 0, "excluded_lines": 0, "percent_statements_covered": 100.0, "percent_statements_covered_display": "100"}, "missing_lines": [], "excluded_lines": [], "functions": {"": {"executed_lines": [], "summary": {"covered_lines": 0, "num_statements": 0, "percent_covered": 100.0, "percent_covered_display": "100", "missing_lines": 0, "excluded_lines": 0, "percent_statements_covered": 100.0, "percent_statements_covered_display": "100"}, "missing_lines": [], "excluded_lines": [], "start_line": 1}}, "classes": {"": {"executed_lines": [], "summary": {"covered_lines": 0, "num_statements": 0, "percent_covered": 100.0, "percent_covered_display": "100", "missing_lines": 0, "excluded_lines": 0, "percent_statements_covered": 100.0, "percent_statements_covered_display": "100"}, "missing_lines": [], "excluded_lines": [], "start_line": 1}}}, "rex/bark/channels/base.py": {"executed_lines": [3, 5, 6, 9, 12, 13, 17, 18, 22, 23, 27, 28, 29], "summary": {"covered_lines": 13, "num_statements": 13, "percent_covered": 100.0, "percent_covered_display": "100", "missing_lines": 0, "excluded_lines": 8, "percent_statements_covered": 100.0, "percent_statements_covered_display": "100"}, "missing_lines": [], "excluded_lines": [15, 16, 20, 21, 25, 26, 31, 32], "functions": {"BaseChannel.send": {"executed_lines": [], "summary": {"covered_lines": 0, "num_statements": 0, "percent_covered": 100.0, "percent_covered_display": "100", "missing_lines": 0, "excluded_lines": 1, "percent_statements_covered": 100.0, "percent_statements_covered_display": "100"}, "missing_lines": [], "excluded_lines": [15], "start_line": 13}, "BaseChannel.test": {"executed_lines": [], "summary": {"covered_lines": 0, "num_statements": 0, "percent_covered": 100.0, "percent_covered_display": "100", "missing_lines": 0, "excluded_lines": 1, "percent_statements_covered": 100.0, "percent_statements_covered_display": "100"}, "missing_lines": [], "excluded_lines": [20], "start_line": 18}, "BaseChannel.is_configured": {"executed_lines": [], "summary": {"covered_lines": 0, "num_statements": 0, "percent_covered": 100.0, "percent_covered_display": "100", "missing_lines": 0, "excluded_lines": 1, "percent_statements_covered": 100.0, "percent_statements_covered_display": "100"}, "missing_lines": [], "excluded_lines": [25], "start_line": 23}, "BaseChannel.channel_name": {"executed_lines": [], "summary": {"covered_lines": 0, "num_statements": 0, "percent_covered": 100.0, "percent_covered_display": "100", "missing_lines": 0, "excluded_lines": 1, "percent_statements_covered": 100.0, "percent_statements_covered_display": "100"}, "missing_lines": [], "excluded_lines": [31], "start_line": 29}, "": {"executed_lines": [3, 5, 6, 9, 12, 13, 17, 18, 22, 23, 27, 28, 29], "summary": {"covered_lines": 13, "num_statements": 13, "percent_covered": 100.0, "percent_covered_display": "100", "missing_lines": 0, "excluded_lines": 3, "percent_statements_covered": 100.0, "percent_statements_covered_display": "100"}, "missing_lines": [], "excluded_lines": [16, 21, 26], "start_line": 1}}, "classes": {"BaseChannel": {"executed_lines": [], "summary": {"covered_lines": 0, "num_statements": 0, "percent_covered": 100.0, "percent_covered_display": "100", "missing_lines": 0, "excluded_lines": 4, "percent_statements_covered": 100.0, "percent_statements_covered_display": "100"}, "missing_lines": [], "excluded_lines": [15, 20, 25, 31], "start_line": 9}, "": {"executed_lines": [3, 5, 6, 9, 12, 13, 17, 18, 22, 23, 27, 28, 29], "summary": {"covered_lines": 13, "num_statements": 13, "percent_covered": 100.0, "percent_covered_display": "100", "missing_lines": 0, "excluded_lines": 3, "percent_statements_covered": 100.0, "percent_statements_covered_display": "100"}, "missing_lines": [], "excluded_lines": [16, 21, 26], "start_line": 1}}}, "rex/bark/channels/discord.py": {"executed_lines": [3, 5, 6, 7, 8, 10, 12, 14, 23, 26, 27, 29, 30, 31, 33, 34, 39, 42, 43, 44, 45, 46, 57, 58, 59, 60, 61, 62, 63, 65, 67, 72, 73, 75, 76], "summary": {"covered_lines": 35, "num_statements": 35, "percent_covered": 100.0, "percent_covered_display": "100", "missing_lines": 0, "excluded_lines": 0, "percent_statements_covered": 100.0, "percent_statements_covered_display": "100"}, "missing_lines": [], "excluded_lines": [], "functions": {"DiscordChannel.__init__": {"executed_lines": [27], "summary": {"covered_lines": 1, "num_statements": 1, "percent_covered": 100.0, "percent_covered_display": "100", "missing_lines": 0, "excluded_lines": 0, "percent_statements_covered": 100.0, "percent_statements_covered_display": "100"}, "missing_lines": [], "excluded_lines": [], "start_line": 26}, "DiscordChannel.channel_name": {"executed_lines": [31], "summary": {"covered_lines": 1, "num_statements": 1, "percent_covered": 100.0, "percent_covered_display": "100", "missing_lines": 0, "excluded_lines": 0, "percent_statements_covered": 100.0, "percent_statements_covered_display": "100"}, "missing_lines": [], "excluded_lines": [], "start_line": 30}, "DiscordChannel.is_configured": {"executed_lines": [34], "summary": {"covered_lines": 1, "num_statements": 1, "percent_covered": 100.0, "percent_covered_display": "100", "missing_lines": 0, "excluded_lines": 0, "percent_statements_covered": 100.0, "percent_statements_covered_display": "100"}, "missing_lines": [], "excluded_lines": [], "start_line": 33}, "DiscordChannel.send": {"executed_lines": [42, 43, 44, 45, 46, 57, 58, 59, 60, 61, 62, 63], "summary": {"covered_lines": 12, "num_statements": 12, "percent_covered": 100.0, "percent_covered_display": "100", "missing_lines": 0, "excluded_lines": 0, "percent_statements_covered": 100.0, "percent_statements_covered_display": "100"}, "missing_lines": [], "excluded_lines": [], "start_line": 39}, "DiscordChannel._send_sync": {"executed_lines": [67, 72, 73], "summary": {"covered_lines": 3, "num_statements": 3, "percent_covered": 100.0, "percent_covered_display": "100", "missing_lines": 0, "excluded_lines": 0, "percent_statements_covered": 100.0, "percent_statements_covered_display": "100"}, "missing_lines": [], "excluded_lines": [], "start_line": 65}, "DiscordChannel.test": {"executed_lines": [76], "summary": {"covered_lines": 1, "num_statements": 1, "percent_covered": 100.0, "percent_covered_display": "100", "missing_lines": 0, "excluded_lines": 0, "percent_statements_covered": 100.0, "percent_statements_covered_display": "100"}, "missing_lines": [], "excluded_lines": [], "start_line": 75}, "": {"executed_lines": [3, 5, 6, 7, 8, 10, 12, 14, 23, 26, 29, 30, 33, 39, 65, 75], "summary": {"covered_lines": 16, "num_statements": 16, "percent_covered": 100.0, "percent_covered_display": "100", "missing_lines": 0, "excluded_lines": 0, "percent_statements_covered": 100.0, "percent_statements_covered_display": "100"}, "missing_lines": [], "excluded_lines": [], "start_line": 1}}, "classes": {"DiscordChannel": {"executed_lines": [27, 31, 34, 42, 43, 44, 45, 46, 57, 58, 59, 60, 61, 62, 63, 67, 72, 73, 76], "summary": {"covered_lines": 19, "num_statements": 19, "percent_covered": 100.0, "percent_covered_display": "100", "missing_lines": 0, "excluded_lines": 0, "percent_statements_covered": 100.0, "percent_statements_covered_display": "100"}, "missing_lines": [], "excluded_lines": [], "start_line": 23}, "": {"executed_lines": [3, 5, 6, 7, 8, 10, 12, 14, 23, 26, 29, 30, 33, 39, 65, 75], "summary": {"covered_lines": 16, "num_statements": 16, "percent_covered": 100.0, "percent_covered_display": "100", "missing_lines": 0, "excluded_lines": 0, "percent_statements_covered": 100.0, "percent_statements_covered_display": "100"}, "missing_lines": [], "excluded_lines": [], "start_line": 1}}}, "rex/bark/channels/email.py": {"executed_lines": [3, 5, 6, 7, 8, 9, 11, 13, 16, 19, 27, 28, 29, 30, 31, 33, 34, 35, 37, 38, 40, 43, 44, 45, 46, 47, 48, 49, 50, 51, 52, 53, 61, 62, 63, 64, 65, 66, 67, 68, 71, 72, 73, 74, 76, 77], "summary": {"covered_lines": 46, "num_statements": 46, "percent_covered": 100.0, "percent_covered_display": "100", "missing_lines": 0, "excluded_lines": 0, "percent_statements_covered": 100.0, "percent_statements_covered_display": "100"}, "missing_lines": [], "excluded_lines": [], "functions": {"EmailChannel.__init__": {"executed_lines": [27, 28, 29, 30, 31], "summary": {"covered_lines": 5, "num_statements": 5, "percent_covered": 100.0, "percent_covered_display": "100", "missing_lines": 0, "excluded_lines": 0, "percent_statements_covered": 100.0, "percent_statements_covered_display": "100"}, "missing_lines": [], "excluded_lines": [], "start_line": 19}, "EmailChannel.channel_name": {"executed_lines": [35], "summary": {"covered_lines": 1, "num_statements": 1, "percent_covered": 100.0, "percent_covered_display": "100", "missing_lines": 0, "excluded_lines": 0, "percent_statements_covered": 100.0, "percent_statements_covered_display": "100"}, "missing_lines": [], "excluded_lines": [], "start_line": 34}, "EmailChannel.is_configured": {"executed_lines": [38], "summary": {"covered_lines": 1, "num_statements": 1, "percent_covered": 100.0, "percent_covered_display": "100", "missing_lines": 0, "excluded_lines": 0, "percent_statements_covered": 100.0, "percent_statements_covered_display": "100"}, "missing_lines": [], "excluded_lines": [], "start_line": 37}, "EmailChannel.send": {"executed_lines": [43, 44, 45, 46, 47, 48, 49, 50, 51, 52, 53, 61, 62, 63, 64, 65, 66, 67, 68, 71, 72, 73, 74], "summary": {"covered_lines": 23, "num_statements": 23, "percent_covered": 100.0, "percent_covered_display": "100", "missing_lines": 0, "excluded_lines": 0, "percent_statements_covered": 100.0, "percent_statements_covered_display": "100"}, "missing_lines": [], "excluded_lines": [], "start_line": 40}, "EmailChannel.test": {"executed_lines": [77], "summary": {"covered_lines": 1, "num_statements": 1, "percent_covered": 100.0, "percent_covered_display": "100", "missing_lines": 0, "excluded_lines": 0, "percent_statements_covered": 100.0, "percent_statements_covered_display": "100"}, "missing_lines": [], "excluded_lines": [], "start_line": 76}, "": {"executed_lines": [3, 5, 6, 7, 8, 9, 11, 13, 16, 19, 33, 34, 37, 40, 76], "summary": {"covered_lines": 15, "num_statements": 15, "percent_covered": 100.0, "percent_covered_display": "100", "missing_lines": 0, "excluded_lines": 0, "percent_statements_covered": 100.0, "percent_statements_covered_display": "100"}, "missing_lines": [], "excluded_lines": [], "start_line": 1}}, "classes": {"EmailChannel": {"executed_lines": [27, 28, 29, 30, 31, 35, 38, 43, 44, 45, 46, 47, 48, 49, 50, 51, 52, 53, 61, 62, 63, 64, 65, 66, 67, 68, 71, 72, 73, 74, 77], "summary": {"covered_lines": 31, "num_statements": 31, "percent_covered": 100.0, "percent_covered_display": "100", "missing_lines": 0, "excluded_lines": 0, "percent_statements_covered": 100.0, "percent_statements_covered_display": "100"}, "missing_lines": [], "excluded_lines": [], "start_line": 16}, "": {"executed_lines": [3, 5, 6, 7, 8, 9, 11, 13, 16, 19, 33, 34, 37, 40, 76], "summary": {"covered_lines": 15, "num_statements": 15, "percent_covered": 100.0, "percent_covered_display": "100", "missing_lines": 0, "excluded_lines": 0, "percent_statements_covered": 100.0, "percent_statements_covered_display": "100"}, "missing_lines": [], "excluded_lines": [], "start_line": 1}}}, "rex/bark/channels/matrix.py": {"executed_lines": [3, 5, 6, 7, 8, 10, 12, 15, 18, 24, 25, 26, 28, 29, 30, 32, 33, 37, 40, 41, 42, 43, 44, 45, 46, 51, 52, 61, 62, 63, 64, 65, 66, 67, 69, 71, 77, 78, 80, 81], "summary": {"covered_lines": 40, "num_statements": 40, "percent_covered": 100.0, "percent_covered_display": "100", "missing_lines": 0, "excluded_lines": 0, "percent_statements_covered": 100.0, "percent_statements_covered_display": "100"}, "missing_lines": [], "excluded_lines": [], "functions": {"MatrixChannel.__init__": {"executed_lines": [24, 25, 26], "summary": {"covered_lines": 3, "num_statements": 3, "percent_covered": 100.0, "percent_covered_display": "100", "missing_lines": 0, "excluded_lines": 0, "percent_statements_covered": 100.0, "percent_statements_covered_display": "100"}, "missing_lines": [], "excluded_lines": [], "start_line": 18}, "MatrixChannel.channel_name": {"executed_lines": [30], "summary": {"covered_lines": 1, "num_statements": 1, "percent_covered": 100.0, "percent_covered_display": "100", "missing_lines": 0, "excluded_lines": 0, "percent_statements_covered": 100.0, "percent_statements_covered_display": "100"}, "missing_lines": [], "excluded_lines": [], "start_line": 29}, "MatrixChannel.is_configured": {"executed_lines": [33], "summary": {"covered_lines": 1, "num_statements": 1, "percent_covered": 100.0, "percent_covered_display": "100", "missing_lines": 0, "excluded_lines": 0, "percent_statements_covered": 100.0, "percent_statements_covered_display": "100"}, "missing_lines": [], "excluded_lines": [], "start_line": 32}, "MatrixChannel.send": {"executed_lines": [40, 41, 42, 43, 44, 45, 46, 51, 52, 61, 62, 63, 64, 65, 66, 67], "summary": {"covered_lines": 16, "num_statements": 16, "percent_covered": 100.0, "percent_covered_display": "100", "missing_lines": 0, "excluded_lines": 0, "percent_statements_covered": 100.0, "percent_statements_covered_display": "100"}, "missing_lines": [], "excluded_lines": [], "start_line": 37}, "MatrixChannel._send_sync": {"executed_lines": [71, 77, 78], "summary": {"covered_lines": 3, "num_statements": 3, "percent_covered": 100.0, "percent_covered_display": "100", "missing_lines": 0, "excluded_lines": 0, "percent_statements_covered": 100.0, "percent_statements_covered_display": "100"}, "missing_lines": [], "excluded_lines": [], "start_line": 69}, "MatrixChannel.test": {"executed_lines": [81], "summary": {"covered_lines": 1, "num_statements": 1, "percent_covered": 100.0, "percent_covered_display": "100", "missing_lines": 0, "excluded_lines": 0, "percent_statements_covered": 100.0, "percent_statements_covered_display": "100"}, "missing_lines": [], "excluded_lines": [], "start_line": 80}, "": {"executed_lines": [3, 5, 6, 7, 8, 10, 12, 15, 18, 28, 29, 32, 37, 69, 80], "summary": {"covered_lines": 15, "num_statements": 15, "percent_covered": 100.0, "percent_covered_display": "100", "missing_lines": 0, "excluded_lines": 0, "percent_statements_covered": 100.0, "percent_statements_covered_display": "100"}, "missing_lines": [], "excluded_lines": [], "start_line": 1}}, "classes": {"MatrixChannel": {"executed_lines": [24, 25, 26, 30, 33, 40, 41, 42, 43, 44, 45, 46, 51, 52, 61, 62, 63, 64, 65, 66, 67, 71, 77, 78, 81], "summary": {"covered_lines": 25, "num_statements": 25, "percent_covered": 100.0, "percent_covered_display": "100", "missing_lines": 0, "excluded_lines": 0, "percent_statements_covered": 100.0, "percent_statements_covered_display": "100"}, "missing_lines": [], "excluded_lines": [], "start_line": 15}, "": {"executed_lines": [3, 5, 6, 7, 8, 10, 12, 15, 18, 28, 29, 32, 37, 69, 80], "summary": {"covered_lines": 15, "num_statements": 15, "percent_covered": 100.0, "percent_covered_display": "100", "missing_lines": 0, "excluded_lines": 0, "percent_statements_covered": 100.0, "percent_statements_covered_display": "100"}, "missing_lines": [], "excluded_lines": [], "start_line": 1}}}, "rex/bark/channels/telegram.py": {"executed_lines": [3, 5, 6, 7, 8, 10, 12, 15, 18, 19, 20, 22, 23, 24, 26, 27, 29, 30, 31, 32, 33, 34, 35, 36, 37, 38, 39, 40, 41, 42, 43, 44, 46, 48, 53, 54, 56, 57], "summary": {"covered_lines": 38, "num_statements": 38, "percent_covered": 100.0, "percent_covered_display": "100", "missing_lines": 0, "excluded_lines": 0, "percent_statements_covered": 100.0, "percent_statements_covered_display": "100"}, "missing_lines": [], "excluded_lines": [], "functions": {"TelegramChannel.__init__": {"executed_lines": [19, 20], "summary": {"covered_lines": 2, "num_statements": 2, "percent_covered": 100.0, "percent_covered_display": "100", "missing_lines": 0, "excluded_lines": 0, "percent_statements_covered": 100.0, "percent_statements_covered_display": "100"}, "missing_lines": [], "excluded_lines": [], "start_line": 18}, "TelegramChannel.channel_name": {"executed_lines": [24], "summary": {"covered_lines": 1, "num_statements": 1, "percent_covered": 100.0, "percent_covered_display": "100", "missing_lines": 0, "excluded_lines": 0, "percent_statements_covered": 100.0, "percent_statements_covered_display": "100"}, "missing_lines": [], "excluded_lines": [], "start_line": 23}, "TelegramChannel.is_configured": {"executed_lines": [27], "summary": {"covered_lines": 1, "num_statements": 1, "percent_covered": 100.0, "percent_covered_display": "100", "missing_lines": 0, "excluded_lines": 0, "percent_statements_covered": 100.0, "percent_statements_covered_display": "100"}, "missing_lines": [], "excluded_lines": [], "start_line": 26}, "TelegramChannel.send": {"executed_lines": [30, 31, 32, 33, 34, 35, 36, 37, 38, 39, 40, 41, 42, 43, 44], "summary": {"covered_lines": 15, "num_statements": 15, "percent_covered": 100.0, "percent_covered_display": "100", "missing_lines": 0, "excluded_lines": 0, "percent_statements_covered": 100.0, "percent_statements_covered_display": "100"}, "missing_lines": [], "excluded_lines": [], "start_line": 29}, "TelegramChannel._send_sync": {"executed_lines": [48, 53, 54], "summary": {"covered_lines": 3, "num_statements": 3, "percent_covered": 100.0, "percent_covered_display": "100", "missing_lines": 0, "excluded_lines": 0, "percent_statements_covered": 100.0, "percent_statements_covered_display": "100"}, "missing_lines": [], "excluded_lines": [], "start_line": 46}, "TelegramChannel.test": {"executed_lines": [57], "summary": {"covered_lines": 1, "num_statements": 1, "percent_covered": 100.0, "percent_covered_display": "100", "missing_lines": 0, "excluded_lines": 0, "percent_statements_covered": 100.0, "percent_statements_covered_display": "100"}, "missing_lines": [], "excluded_lines": [], "start_line": 56}, "": {"executed_lines": [3, 5, 6, 7, 8, 10, 12, 15, 18, 22, 23, 26, 29, 46, 56], "summary": {"covered_lines": 15, "num_statements": 15, "percent_covered": 100.0, "percent_covered_display": "100", "missing_lines": 0, "excluded_lines": 0, "percent_statements_covered": 100.0, "percent_statements_covered_display": "100"}, "missing_lines": [], "excluded_lines": [], "start_line": 1}}, "classes": {"TelegramChannel": {"executed_lines": [19, 20, 24, 27, 30, 31, 32, 33, 34, 35, 36, 37, 38, 39, 40, 41, 42, 43, 44, 48, 53, 54, 57], "summary": {"covered_lines": 23, "num_statements": 23, "percent_covered": 100.0, "percent_covered_display": "100", "missing_lines": 0, "excluded_lines": 0, "percent_statements_covered": 100.0, "percent_statements_covered_display": "100"}, "missing_lines": [], "excluded_lines": [], "start_line": 15}, "": {"executed_lines": [3, 5, 6, 7, 8, 10, 12, 15, 18, 22, 23, 26, 29, 46, 56], "summary": {"covered_lines": 15, "num_statements": 15, "percent_covered": 100.0, "percent_covered_display": "100", "missing_lines": 0, "excluded_lines": 0, "percent_statements_covered": 100.0, "percent_statements_covered_display": "100"}, "missing_lines": [], "excluded_lines": [], "start_line": 1}}}, "rex/bark/channels/webpush.py": {"executed_lines": [3, 5, 6, 8, 10, 13, 20, 21, 23, 24, 25, 27, 28, 30, 31, 32, 38, 40, 46], "summary": {"covered_lines": 19, "num_statements": 23, "percent_covered": 82.6086956521739, "percent_covered_display": "83", "missing_lines": 4, "excluded_lines": 0, "percent_statements_covered": 82.6086956521739, "percent_statements_covered_display": "83"}, "missing_lines": [41, 48, 49, 50], "excluded_lines": [], "functions": {"WebPushChannel.__init__": {"executed_lines": [21], "summary": {"covered_lines": 1, "num_statements": 1, "percent_covered": 100.0, "percent_covered_display": "100", "missing_lines": 0, "excluded_lines": 0, "percent_statements_covered": 100.0, "percent_statements_covered_display": "100"}, "missing_lines": [], "excluded_lines": [], "start_line": 20}, "WebPushChannel.channel_name": {"executed_lines": [25], "summary": {"covered_lines": 1, "num_statements": 1, "percent_covered": 100.0, "percent_covered_display": "100", "missing_lines": 0, "excluded_lines": 0, "percent_statements_covered": 100.0, "percent_statements_covered_display": "100"}, "missing_lines": [], "excluded_lines": [], "start_line": 24}, "WebPushChannel.is_configured": {"executed_lines": [28], "summary": {"covered_lines": 1, "num_statements": 1, "percent_covered": 100.0, "percent_covered_display": "100", "missing_lines": 0, "excluded_lines": 0, "percent_statements_covered": 100.0, "percent_statements_covered_display": "100"}, "missing_lines": [], "excluded_lines": [], "start_line": 27}, "WebPushChannel.send": {"executed_lines": [31, 32, 38], "summary": {"covered_lines": 3, "num_statements": 3, "percent_covered": 100.0, "percent_covered_display": "100", "missing_lines": 0, "excluded_lines": 0, "percent_statements_covered": 100.0, "percent_statements_covered_display": "100"}, "missing_lines": [], "excluded_lines": [], "start_line": 30}, "WebPushChannel.test": {"executed_lines": [], "summary": {"covered_lines": 0, "num_statements": 1, "percent_covered": 0.0, "percent_covered_display": "0", "missing_lines": 1, "excluded_lines": 0, "percent_statements_covered": 0.0, "percent_statements_covered_display": "0"}, "missing_lines": [41], "excluded_lines": [], "start_line": 40}, "WebPushChannel.drain_pending": {"executed_lines": [], "summary": {"covered_lines": 0, "num_statements": 3, "percent_covered": 0.0, "percent_covered_display": "0", "missing_lines": 3, "excluded_lines": 0, "percent_statements_covered": 0.0, "percent_statements_covered_display": "0"}, "missing_lines": [48, 49, 50], "excluded_lines": [], "start_line": 46}, "": {"executed_lines": [3, 5, 6, 8, 10, 13, 20, 23, 24, 27, 30, 40, 46], "summary": {"covered_lines": 13, "num_statements": 13, "percent_covered": 100.0, "percent_covered_display": "100", "missing_lines": 0, "excluded_lines": 0, "percent_statements_covered": 100.0, "percent_statements_covered_display": "100"}, "missing_lines": [], "excluded_lines": [], "start_line": 1}}, "classes": {"WebPushChannel": {"executed_lines": [21, 25, 28, 31, 32, 38], "summary": {"covered_lines": 6, "num_statements": 10, "percent_covered": 60.0, "percent_covered_display": "60", "missing_lines": 4, "excluded_lines": 0, "percent_statements_covered": 60.0, "percent_statements_covered_display": "60"}, "missing_lines": [41, 48, 49, 50], "excluded_lines": [], "start_line": 13}, "": {"executed_lines": [3, 5, 6, 8, 10, 13, 20, 23, 24, 27, 30, 40, 46], "summary": {"covered_lines": 13, "num_statements": 13, "percent_covered": 100.0, "percent_covered_display": "100", "missing_lines": 0, "excluded_lines": 0, "percent_statements_covered": 100.0, "percent_statements_covered_display": "100"}, "missing_lines": [], "excluded_lines": [], "start_line": 1}}}, "rex/bark/formatter.py": {"executed_lines": [3, 5, 6, 8, 9, 11, 13, 22, 25, 47, 52, 53, 54, 56, 57, 58, 59, 60, 62, 63, 64, 65, 66, 76, 77, 82, 84, 86, 87, 88, 89, 100], "summary": {"covered_lines": 32, "num_statements": 43, "percent_covered": 74.4186046511628, "percent_covered_display": "74", "missing_lines": 11, "excluded_lines": 0, "percent_statements_covered": 74.4186046511628, "percent_statements_covered_display": "74"}, "missing_lines": [102, 103, 104, 105, 106, 107, 112, 113, 114, 115, 116], "excluded_lines": [], "functions": {"MessageFormatter.format_alert": {"executed_lines": [47, 52, 53, 54, 56, 57, 58, 59, 60, 62, 63, 64, 65, 66, 76, 77, 82], "summary": {"covered_lines": 17, "num_statements": 17, "percent_covered": 100.0, "percent_covered_display": "100", "missing_lines": 0, "excluded_lines": 0, "percent_statements_covered": 100.0, "percent_statements_covered_display": "100"}, "missing_lines": [], "excluded_lines": [], "start_line": 25}, "MessageFormatter.format_daily_summary": {"executed_lines": [86, 87, 88, 89], "summary": {"covered_lines": 4, "num_statements": 4, "percent_covered": 100.0, "percent_covered_display": "100", "missing_lines": 0, "excluded_lines": 0, "percent_statements_covered": 100.0, "percent_statements_covered_display": "100"}, "missing_lines": [], "excluded_lines": [], "start_line": 84}, "MessageFormatter.format_weekly_report": {"executed_lines": [], "summary": {"covered_lines": 0, "num_statements": 11, "percent_covered": 0.0, "percent_covered_display": "0", "missing_lines": 11, "excluded_lines": 0, "percent_statements_covered": 0.0, "percent_statements_covered_display": "0"}, "missing_lines": [102, 103, 104, 105, 106, 107, 112, 113, 114, 115, 116], "excluded_lines": [], "start_line": 100}, "": {"executed_lines": [3, 5, 6, 8, 9, 11, 13, 22, 25, 84, 100], "summary": {"covered_lines": 11, "num_statements": 11, "percent_covered": 100.0, "percent_covered_display": "100", "missing_lines": 0, "excluded_lines": 0, "percent_statements_covered": 100.0, "percent_statements_covered_display": "100"}, "missing_lines": [], "excluded_lines": [], "start_line": 1}}, "classes": {"MessageFormatter": {"executed_lines": [47, 52, 53, 54, 56, 57, 58, 59, 60, 62, 63, 64, 65, 66, 76, 77, 82, 86, 87, 88, 89], "summary": {"covered_lines": 21, "num_statements": 32, "percent_covered": 65.625, "percent_covered_display": "66", "missing_lines": 11, "excluded_lines": 0, "percent_statements_covered": 65.625, "percent_statements_covered_display": "66"}, "missing_lines": [102, 103, 104, 105, 106, 107, 112, 113, 114, 115, 116], "excluded_lines": [], "start_line": 22}, "": {"executed_lines": [3, 5, 6, 8, 9, 11, 13, 22, 25, 84, 100], "summary": {"covered_lines": 11, "num_statements": 11, "percent_covered": 100.0, "percent_covered_display": "100", "missing_lines": 0, "excluded_lines": 0, "percent_statements_covered": 100.0, "percent_statements_covered_display": "100"}, "missing_lines": [], "excluded_lines": [], "start_line": 1}}}, "rex/bark/manager.py": {"executed_lines": [7, 9, 10, 11, 12, 13, 15, 16, 17, 22, 24, 33, 36, 37, 38, 39, 40, 41, 42, 43, 45, 47, 48, 49, 51, 55, 60, 67, 68, 69, 70, 71, 72, 75, 76, 87, 88, 89, 90, 91, 92, 98, 101, 105, 106, 107, 108, 109, 110, 111, 112, 113, 114, 115, 120, 122, 131, 138, 140, 141, 142, 144, 145, 146, 147, 148, 150, 151, 153, 154, 155], "summary": {"covered_lines": 71, "num_statements": 99, "percent_covered": 71.71717171717172, "percent_covered_display": "72", "missing_lines": 28, "excluded_lines": 2, "percent_statements_covered": 71.71717171717172, "percent_statements_covered_display": "72"}, "missing_lines": [53, 78, 82, 83, 84, 93, 95, 102, 103, 116, 117, 118, 124, 125, 126, 127, 128, 129, 133, 134, 135, 136, 156, 157, 158, 159, 160, 161], "excluded_lines": [19, 20], "functions": {"NotificationManager.__init__": {"executed_lines": [37, 38, 39, 40, 41, 42, 43], "summary": {"covered_lines": 7, "num_statements": 7, "percent_covered": 100.0, "percent_covered_display": "100", "missing_lines": 0, "excluded_lines": 0, "percent_statements_covered": 100.0, "percent_statements_covered_display": "100"}, "missing_lines": [], "excluded_lines": [], "start_line": 36}, "NotificationManager.register_channel": {"executed_lines": [47, 48, 49], "summary": {"covered_lines": 3, "num_statements": 3, "percent_covered": 100.0, "percent_covered_display": "100", "missing_lines": 0, "excluded_lines": 0, "percent_statements_covered": 100.0, "percent_statements_covered_display": "100"}, "missing_lines": [], "excluded_lines": [], "start_line": 45}, "NotificationManager.set_quiet_hours": {"executed_lines": [], "summary": {"covered_lines": 0, "num_statements": 1, "percent_covered": 0.0, "percent_covered_display": "0", "missing_lines": 1, "excluded_lines": 0, "percent_statements_covered": 0.0, "percent_statements_covered_display": "0"}, "missing_lines": [53], "excluded_lines": [], "start_line": 51}, "NotificationManager.send": {"executed_lines": [60, 67, 68, 69, 70, 71, 72, 75, 76, 87, 88, 89, 90, 91, 92, 98, 101, 105, 106, 107, 108, 109, 110, 111, 112, 113, 114, 115, 120], "summary": {"covered_lines": 29, "num_statements": 40, "percent_covered": 72.5, "percent_covered_display": "72", "missing_lines": 11, "excluded_lines": 0, "percent_statements_covered": 72.5, "percent_statements_covered_display": "72"}, "missing_lines": [78, 82, 83, 84, 93, 95, 102, 103, 116, 117, 118], "excluded_lines": [], "start_line": 55}, "NotificationManager.send_daily_summary": {"executed_lines": [], "summary": {"covered_lines": 0, "num_statements": 6, "percent_covered": 0.0, "percent_covered_display": "0", "missing_lines": 6, "excluded_lines": 0, "percent_statements_covered": 0.0, "percent_statements_covered_display": "0"}, "missing_lines": [124, 125, 126, 127, 128, 129], "excluded_lines": [], "start_line": 122}, "NotificationManager.test_channel": {"executed_lines": [], "summary": {"covered_lines": 0, "num_statements": 4, "percent_covered": 0.0, "percent_covered_display": "0", "missing_lines": 4, "excluded_lines": 0, "percent_statements_covered": 0.0, "percent_statements_covered_display": "0"}, "missing_lines": [133, 134, 135, 136], "excluded_lines": [], "start_line": 131}, "NotificationManager.get_digest": {"executed_lines": [140, 141, 142], "summary": {"covered_lines": 3, "num_statements": 3, "percent_covered": 100.0, "percent_covered_display": "100", "missing_lines": 0, "excluded_lines": 0, "percent_statements_covered": 100.0, "percent_statements_covered_display": "100"}, "missing_lines": [], "excluded_lines": [], "start_line": 138}, "NotificationManager._is_rate_limited": {"executed_lines": [145, 146, 147, 148], "summary": {"covered_lines": 4, "num_statements": 4, "percent_covered": 100.0, "percent_covered_display": "100", "missing_lines": 0, "excluded_lines": 0, "percent_statements_covered": 100.0, "percent_statements_covered_display": "100"}, "missing_lines": [], "excluded_lines": [], "start_line": 144}, "NotificationManager._record_send": {"executed_lines": [151], "summary": {"covered_lines": 1, "num_statements": 1, "percent_covered": 100.0, "percent_covered_display": "100", "missing_lines": 0, "excluded_lines": 0, "percent_statements_covered": 100.0, "percent_statements_covered_display": "100"}, "missing_lines": [], "excluded_lines": [], "start_line": 150}, "NotificationManager._in_quiet_hours": {"executed_lines": [154, 155], "summary": {"covered_lines": 2, "num_statements": 8, "percent_covered": 25.0, "percent_covered_display": "25", "missing_lines": 6, "excluded_lines": 0, "percent_statements_covered": 25.0, "percent_statements_covered_display": "25"}, "missing_lines": [156, 157, 158, 159, 160, 161], "excluded_lines": [], "start_line": 153}, "": {"executed_lines": [7, 9, 10, 11, 12, 13, 15, 16, 17, 22, 24, 33, 36, 45, 51, 55, 122, 131, 138, 144, 150, 153], "summary": {"covered_lines": 22, "num_statements": 22, "percent_covered": 100.0, "percent_covered_display": "100", "missing_lines": 0, "excluded_lines": 2, "percent_statements_covered": 100.0, "percent_statements_covered_display": "100"}, "missing_lines": [], "excluded_lines": [19, 20], "start_line": 1}}, "classes": {"NotificationManager": {"executed_lines": [37, 38, 39, 40, 41, 42, 43, 47, 48, 49, 60, 67, 68, 69, 70, 71, 72, 75, 76, 87, 88, 89, 90, 91, 92, 98, 101, 105, 106, 107, 108, 109, 110, 111, 112, 113, 114, 115, 120, 140, 141, 142, 145, 146, 147, 148, 151, 154, 155], "summary": {"covered_lines": 49, "num_statements": 77, "percent_covered": 63.63636363636363, "percent_covered_display": "64", "missing_lines": 28, "excluded_lines": 0, "percent_statements_covered": 63.63636363636363, "percent_statements_covered_display": "64"}, "missing_lines": [53, 78, 82, 83, 84, 93, 95, 102, 103, 116, 117, 118, 124, 125, 126, 127, 128, 129, 133, 134, 135, 136, 156, 157, 158, 159, 160, 161], "excluded_lines": [], "start_line": 33}, "": {"executed_lines": [7, 9, 10, 11, 12, 13, 15, 16, 17, 22, 24, 33, 36, 45, 51, 55, 122, 131, 138, 144, 150, 153], "summary": {"covered_lines": 22, "num_statements": 22, "percent_covered": 100.0, "percent_covered_display": "100", "missing_lines": 0, "excluded_lines": 2, "percent_statements_covered": 100.0, "percent_statements_covered_display": "100"}, "missing_lines": [], "excluded_lines": [19, 20], "start_line": 1}}}, "rex/bark/service.py": {"executed_lines": [8, 10, 11, 12, 13, 15, 16, 17, 18, 19, 20, 21, 22, 23, 28, 31, 34, 35, 38, 40, 43, 45, 46, 47, 49, 50, 51, 52, 54, 55, 56, 57, 65, 66, 67, 68, 69, 76, 79, 81, 83, 84, 85, 87, 89, 90, 91, 92, 93, 95, 97, 99, 100, 101, 102, 103, 104, 105, 106, 107, 108, 109, 110, 111, 112], "summary": {"covered_lines": 65, "num_statements": 66, "percent_covered": 98.48484848484848, "percent_covered_display": "98", "missing_lines": 1, "excluded_lines": 2, "percent_statements_covered": 98.48484848484848, "percent_statements_covered_display": "98"}, "missing_lines": [36], "excluded_lines": [25, 26], "functions": {"BarkService.service_name": {"executed_lines": [], "summary": {"covered_lines": 0, "num_statements": 1, "percent_covered": 0.0, "percent_covered_display": "0", "missing_lines": 1, "excluded_lines": 0, "percent_statements_covered": 0.0, "percent_statements_covered_display": "0"}, "missing_lines": [36], "excluded_lines": [], "start_line": 35}, "BarkService._on_start": {"executed_lines": [40, 43, 45, 46, 47, 49, 50, 51, 52, 54, 55, 56, 57, 65, 66, 67, 68, 69, 76, 79, 81], "summary": {"covered_lines": 21, "num_statements": 21, "percent_covered": 100.0, "percent_covered_display": "100", "missing_lines": 0, "excluded_lines": 0, "percent_statements_covered": 100.0, "percent_statements_covered_display": "100"}, "missing_lines": [], "excluded_lines": [], "start_line": 38}, "BarkService._on_stop": {"executed_lines": [84, 85], "summary": {"covered_lines": 2, "num_statements": 2, "percent_covered": 100.0, "percent_covered_display": "100", "missing_lines": 0, "excluded_lines": 0, "percent_statements_covered": 100.0, "percent_statements_covered_display": "100"}, "missing_lines": [], "excluded_lines": [], "start_line": 83}, "BarkService._consume_loop": {"executed_lines": [89, 95], "summary": {"covered_lines": 2, "num_statements": 2, "percent_covered": 100.0, "percent_covered_display": "100", "missing_lines": 0, "excluded_lines": 0, "percent_statements_covered": 100.0, "percent_statements_covered_display": "100"}, "missing_lines": [], "excluded_lines": [], "start_line": 87}, "BarkService._consume_loop.handler": {"executed_lines": [90, 91, 92, 93], "summary": {"covered_lines": 4, "num_statements": 4, "percent_covered": 100.0, "percent_covered_display": "100", "missing_lines": 0, "excluded_lines": 0, "percent_statements_covered": 100.0, "percent_statements_covered_display": "100"}, "missing_lines": [], "excluded_lines": [], "start_line": 89}, "BarkService._digest_loop": {"executed_lines": [99, 100, 101, 102, 103, 104, 105, 106, 107, 108, 109, 110, 111, 112], "summary": {"covered_lines": 14, "num_statements": 14, "percent_covered": 100.0, "percent_covered_display": "100", "missing_lines": 0, "excluded_lines": 0, "percent_statements_covered": 100.0, "percent_statements_covered_display": "100"}, "missing_lines": [], "excluded_lines": [], "start_line": 97}, "": {"executed_lines": [8, 10, 11, 12, 13, 15, 16, 17, 18, 19, 20, 21, 22, 23, 28, 31, 34, 35, 38, 83, 87, 97], "summary": {"covered_lines": 22, "num_statements": 22, "percent_covered": 100.0, "percent_covered_display": "100", "missing_lines": 0, "excluded_lines": 2, "percent_statements_covered": 100.0, "percent_statements_covered_display": "100"}, "missing_lines": [], "excluded_lines": [25, 26], "start_line": 1}}, "classes": {"BarkService": {"executed_lines": [40, 43, 45, 46, 47, 49, 50, 51, 52, 54, 55, 56, 57, 65, 66, 67, 68, 69, 76, 79, 81, 84, 85, 89, 90, 91, 92, 93, 95, 99, 100, 101, 102, 103, 104, 105, 106, 107, 108, 109, 110, 111, 112], "summary": {"covered_lines": 43, "num_statements": 44, "percent_covered": 97.72727272727273, "percent_covered_display": "98", "missing_lines": 1, "excluded_lines": 0, "percent_statements_covered": 97.72727272727273, "percent_statements_covered_display": "98"}, "missing_lines": [36], "excluded_lines": [], "start_line": 31}, "": {"executed_lines": [8, 10, 11, 12, 13, 15, 16, 17, 18, 19, 20, 21, 22, 23, 28, 31, 34, 35, 38, 83, 87, 97], "summary": {"covered_lines": 22, "num_statements": 22, "percent_covered": 100.0, "percent_covered_display": "100", "missing_lines": 0, "excluded_lines": 2, "percent_statements_covered": 100.0, "percent_statements_covered_display": "100"}, "missing_lines": [], "excluded_lines": [25, 26], "start_line": 1}}}, "rex/brain/__init__.py": {"executed_lines": [], "summary": {"covered_lines": 0, "num_statements": 0, "percent_covered": 100.0, "percent_covered_display": "100", "missing_lines": 0, "excluded_lines": 0, "percent_statements_covered": 100.0, "percent_statements_covered_display": "100"}, "missing_lines": [], "excluded_lines": [], "functions": {"": {"executed_lines": [], "summary": {"covered_lines": 0, "num_statements": 0, "percent_covered": 100.0, "percent_covered_display": "100", "missing_lines": 0, "excluded_lines": 0, "percent_statements_covered": 100.0, "percent_statements_covered_display": "100"}, "missing_lines": [], "excluded_lines": [], "start_line": 1}}, "classes": {"": {"executed_lines": [], "summary": {"covered_lines": 0, "num_statements": 0, "percent_covered": 100.0, "percent_covered_display": "100", "missing_lines": 0, "excluded_lines": 0, "percent_statements_covered": 100.0, "percent_statements_covered_display": "100"}, "missing_lines": [], "excluded_lines": [], "start_line": 1}}}, "rex/brain/baseline.py": {"executed_lines": [16, 18, 19, 20, 21, 22, 24, 25, 32, 39, 42, 54, 55, 56, 57, 58, 59, 60, 61, 62, 63, 66, 83, 84, 86, 93, 94, 95, 96, 97, 98, 99, 105, 129, 130, 131, 133, 134, 137, 138, 139, 140, 143, 144, 147, 148, 151, 152, 153, 156, 157, 160, 162, 163, 166, 167, 169, 171, 172, 173, 174, 176, 177, 179, 184, 185, 190, 191, 196, 197, 198, 201, 202, 208, 209, 213, 223, 225, 226, 231, 237, 251, 252, 254, 255, 257, 260, 261, 262, 268, 269, 272, 275, 276, 280, 283, 284, 289, 290, 291, 295, 297, 303, 329, 330, 332, 334, 337, 338, 341, 342, 345, 346, 349, 350, 353, 354, 357, 358, 361, 362, 364, 368, 369, 370, 371, 372, 374, 377, 378, 379, 381, 384, 385, 387, 388, 389, 391, 393, 397, 398, 399, 400, 401, 402, 404, 405, 406, 408, 411, 413, 417, 418, 419, 421, 423, 424, 425, 426, 427, 428, 429, 431, 435, 436, 437, 439, 440, 442, 443, 444, 446, 450, 451, 452, 454, 455, 456, 459, 460, 461, 462, 464, 467, 469, 472, 474, 480, 489, 490, 491, 492, 493, 495, 499, 500, 501, 502, 503, 504, 505, 506, 507, 509, 510, 511, 513, 515, 517, 519, 532, 534, 536, 542, 544, 545, 546, 547, 548, 551, 552, 553, 566, 571, 572, 576, 577, 578, 581, 586, 588, 589, 590, 592, 593, 594, 597, 598, 599, 602, 603, 608, 609, 610, 611, 612, 613, 616, 620, 622, 623, 624, 625, 626, 627, 631, 632, 634, 639, 640, 647, 659, 660, 661, 663, 664, 665, 666], "summary": {"covered_lines": 268, "num_statements": 275, "percent_covered": 97.45454545454545, "percent_covered_display": "97", "missing_lines": 7, "excluded_lines": 3, "percent_statements_covered": 97.45454545454545, "percent_statements_covered_display": "97"}, "missing_lines": [175, 286, 359, 579, 580, 583, 584], "excluded_lines": [27, 28, 30], "functions": {"_LearningState.__init__": {"executed_lines": [55, 56, 57, 58, 59, 60, 61, 62, 63], "summary": {"covered_lines": 9, "num_statements": 9, "percent_covered": 100.0, "percent_covered_display": "100", "missing_lines": 0, "excluded_lines": 0, "percent_statements_covered": 100.0, "percent_statements_covered_display": "100"}, "missing_lines": [], "excluded_lines": [], "start_line": 54}, "BehavioralBaseline.__init__": {"executed_lines": [93, 94, 95, 96, 97, 98, 99], "summary": {"covered_lines": 7, "num_statements": 7, "percent_covered": 100.0, "percent_covered_display": "100", "missing_lines": 0, "excluded_lines": 0, "percent_statements_covered": 100.0, "percent_statements_covered_display": "100"}, "missing_lines": [], "excluded_lines": [], "start_line": 86}, "BehavioralBaseline.learn": {"executed_lines": [129, 130, 131, 133, 134, 137, 138, 139, 140, 143, 144, 147, 148, 151, 152, 153, 156, 157, 160, 162, 163, 166, 167], "summary": {"covered_lines": 23, "num_statements": 23, "percent_covered": 100.0, "percent_covered_display": "100", "missing_lines": 0, "excluded_lines": 0, "percent_statements_covered": 100.0, "percent_statements_covered_display": "100"}, "missing_lines": [], "excluded_lines": [], "start_line": 105}, "BehavioralBaseline._is_learning_phase_done": {"executed_lines": [171, 172, 173, 174, 176, 177], "summary": {"covered_lines": 6, "num_statements": 7, "percent_covered": 85.71428571428571, "percent_covered_display": "86", "missing_lines": 1, "excluded_lines": 0, "percent_statements_covered": 85.71428571428571, "percent_statements_covered_display": "86"}, "missing_lines": [175], "excluded_lines": [], "start_line": 169}, "BehavioralBaseline._finalize_learning": {"executed_lines": [184, 185, 190, 191, 196, 197, 198, 201, 202, 208, 209, 213, 223, 225, 226, 231], "summary": {"covered_lines": 16, "num_statements": 16, "percent_covered": 100.0, "percent_covered_display": "100", "missing_lines": 0, "excluded_lines": 0, "percent_statements_covered": 100.0, "percent_statements_covered_display": "100"}, "missing_lines": [], "excluded_lines": [], "start_line": 179}, "BehavioralBaseline.update": {"executed_lines": [251, 252, 254, 255, 257, 260, 261, 262, 268, 269, 272, 275, 276, 280, 283, 284, 289, 290, 291, 295, 297], "summary": {"covered_lines": 21, "num_statements": 22, "percent_covered": 95.45454545454545, "percent_covered_display": "95", "missing_lines": 1, "excluded_lines": 0, "percent_statements_covered": 95.45454545454545, "percent_statements_covered_display": "95"}, "missing_lines": [286], "excluded_lines": [], "start_line": 237}, "BehavioralBaseline.get_deviation_score": {"executed_lines": [329, 330, 332, 334, 337, 338, 341, 342, 345, 346, 349, 350, 353, 354, 357, 358, 361, 362], "summary": {"covered_lines": 18, "num_statements": 19, "percent_covered": 94.73684210526316, "percent_covered_display": "95", "missing_lines": 1, "excluded_lines": 0, "percent_statements_covered": 94.73684210526316, "percent_statements_covered_display": "95"}, "missing_lines": [359], "excluded_lines": [], "start_line": 303}, "BehavioralBaseline._port_deviation": {"executed_lines": [368, 369, 370, 371, 372, 374, 377, 378, 379, 381, 384, 385, 387, 388, 389, 391], "summary": {"covered_lines": 16, "num_statements": 16, "percent_covered": 100.0, "percent_covered_display": "100", "missing_lines": 0, "excluded_lines": 0, "percent_statements_covered": 100.0, "percent_statements_covered_display": "100"}, "missing_lines": [], "excluded_lines": [], "start_line": 364}, "BehavioralBaseline._destination_deviation": {"executed_lines": [397, 398, 399, 400, 401, 402, 404, 405, 406, 408, 411], "summary": {"covered_lines": 11, "num_statements": 11, "percent_covered": 100.0, "percent_covered_display": "100", "missing_lines": 0, "excluded_lines": 0, "percent_statements_covered": 100.0, "percent_statements_covered_display": "100"}, "missing_lines": [], "excluded_lines": [], "start_line": 393}, "BehavioralBaseline._bandwidth_deviation": {"executed_lines": [417, 418, 419, 421, 423, 424, 425, 426, 427, 428, 429], "summary": {"covered_lines": 11, "num_statements": 11, "percent_covered": 100.0, "percent_covered_display": "100", "missing_lines": 0, "excluded_lines": 0, "percent_statements_covered": 100.0, "percent_statements_covered_display": "100"}, "missing_lines": [], "excluded_lines": [], "start_line": 413}, "BehavioralBaseline._timing_deviation": {"executed_lines": [435, 436, 437, 439, 440, 442, 443, 444], "summary": {"covered_lines": 8, "num_statements": 8, "percent_covered": 100.0, "percent_covered_display": "100", "missing_lines": 0, "excluded_lines": 0, "percent_statements_covered": 100.0, "percent_statements_covered_display": "100"}, "missing_lines": [], "excluded_lines": [], "start_line": 431}, "BehavioralBaseline._dns_deviation": {"executed_lines": [450, 451, 452, 454, 455, 456, 459, 460, 461, 462, 464, 467, 469, 472, 474], "summary": {"covered_lines": 15, "num_statements": 15, "percent_covered": 100.0, "percent_covered_display": "100", "missing_lines": 0, "excluded_lines": 0, "percent_statements_covered": 100.0, "percent_statements_covered_display": "100"}, "missing_lines": [], "excluded_lines": [], "start_line": 446}, "BehavioralBaseline.get_baseline_summary": {"executed_lines": [489, 490, 491, 492, 493, 495, 499, 500, 501, 502, 503, 504, 505, 506, 507, 509, 510, 511, 513], "summary": {"covered_lines": 19, "num_statements": 19, "percent_covered": 100.0, "percent_covered_display": "100", "missing_lines": 0, "excluded_lines": 0, "percent_statements_covered": 100.0, "percent_statements_covered_display": "100"}, "missing_lines": [], "excluded_lines": [], "start_line": 480}, "BehavioralBaseline.get_profile": {"executed_lines": [517], "summary": {"covered_lines": 1, "num_statements": 1, "percent_covered": 100.0, "percent_covered_display": "100", "missing_lines": 0, "excluded_lines": 0, "percent_statements_covered": 100.0, "percent_statements_covered_display": "100"}, "missing_lines": [], "excluded_lines": [], "start_line": 515}, "BehavioralBaseline.is_learning_complete": {"executed_lines": [532], "summary": {"covered_lines": 1, "num_statements": 1, "percent_covered": 100.0, "percent_covered_display": "100", "missing_lines": 0, "excluded_lines": 0, "percent_statements_covered": 100.0, "percent_statements_covered_display": "100"}, "missing_lines": [], "excluded_lines": [], "start_line": 519}, "BehavioralBaseline.has_device": {"executed_lines": [536], "summary": {"covered_lines": 1, "num_statements": 1, "percent_covered": 100.0, "percent_covered_display": "100", "missing_lines": 0, "excluded_lines": 0, "percent_statements_covered": 100.0, "percent_statements_covered_display": "100"}, "missing_lines": [], "excluded_lines": [], "start_line": 534}, "BehavioralBaseline.save": {"executed_lines": [544, 545, 546, 547, 548, 551, 552, 553, 566, 571, 572, 576, 577, 578, 581], "summary": {"covered_lines": 15, "num_statements": 19, "percent_covered": 78.94736842105263, "percent_covered_display": "79", "missing_lines": 4, "excluded_lines": 0, "percent_statements_covered": 78.94736842105263, "percent_statements_covered_display": "79"}, "missing_lines": [579, 580, 583, 584], "excluded_lines": [], "start_line": 542}, "BehavioralBaseline.load": {"executed_lines": [588, 589, 590, 592, 593, 594, 597, 598, 599, 602, 603, 608, 609, 610, 611, 612, 613, 616, 620, 622, 623, 624, 625, 626, 627, 631, 632, 634, 639, 640], "summary": {"covered_lines": 30, "num_statements": 30, "percent_covered": 100.0, "percent_covered_display": "100", "missing_lines": 0, "excluded_lines": 0, "percent_statements_covered": 100.0, "percent_statements_covered_display": "100"}, "missing_lines": [], "excluded_lines": [], "start_line": 586}, "_domain_to_pattern": {"executed_lines": [659, 660, 661, 663, 664, 665, 666], "summary": {"covered_lines": 7, "num_statements": 7, "percent_covered": 100.0, "percent_covered_display": "100", "missing_lines": 0, "excluded_lines": 0, "percent_statements_covered": 100.0, "percent_statements_covered_display": "100"}, "missing_lines": [], "excluded_lines": [], "start_line": 647}, "": {"executed_lines": [16, 18, 19, 20, 21, 22, 24, 25, 32, 39, 42, 54, 66, 83, 84, 86, 105, 169, 179, 237, 303, 364, 393, 413, 431, 446, 480, 515, 519, 534, 542, 586, 647], "summary": {"covered_lines": 33, "num_statements": 33, "percent_covered": 100.0, "percent_covered_display": "100", "missing_lines": 0, "excluded_lines": 3, "percent_statements_covered": 100.0, "percent_statements_covered_display": "100"}, "missing_lines": [], "excluded_lines": [27, 28, 30], "start_line": 1}}, "classes": {"_LearningState": {"executed_lines": [55, 56, 57, 58, 59, 60, 61, 62, 63], "summary": {"covered_lines": 9, "num_statements": 9, "percent_covered": 100.0, "percent_covered_display": "100", "missing_lines": 0, "excluded_lines": 0, "percent_statements_covered": 100.0, "percent_statements_covered_display": "100"}, "missing_lines": [], "excluded_lines": [], "start_line": 39}, "BehavioralBaseline": {"executed_lines": [93, 94, 95, 96, 97, 98, 99, 129, 130, 131, 133, 134, 137, 138, 139, 140, 143, 144, 147, 148, 151, 152, 153, 156, 157, 160, 162, 163, 166, 167, 171, 172, 173, 174, 176, 177, 184, 185, 190, 191, 196, 197, 198, 201, 202, 208, 209, 213, 223, 225, 226, 231, 251, 252, 254, 255, 257, 260, 261, 262, 268, 269, 272, 275, 276, 280, 283, 284, 289, 290, 291, 295, 297, 329, 330, 332, 334, 337, 338, 341, 342, 345, 346, 349, 350, 353, 354, 357, 358, 361, 362, 368, 369, 370, 371, 372, 374, 377, 378, 379, 381, 384, 385, 387, 388, 389, 391, 397, 398, 399, 400, 401, 402, 404, 405, 406, 408, 411, 417, 418, 419, 421, 423, 424, 425, 426, 427, 428, 429, 435, 436, 437, 439, 440, 442, 443, 444, 450, 451, 452, 454, 455, 456, 459, 460, 461, 462, 464, 467, 469, 472, 474, 489, 490, 491, 492, 493, 495, 499, 500, 501, 502, 503, 504, 505, 506, 507, 509, 510, 511, 513, 517, 532, 536, 544, 545, 546, 547, 548, 551, 552, 553, 566, 571, 572, 576, 577, 578, 581, 588, 589, 590, 592, 593, 594, 597, 598, 599, 602, 603, 608, 609, 610, 611, 612, 613, 616, 620, 622, 623, 624, 625, 626, 627, 631, 632, 634, 639, 640], "summary": {"covered_lines": 219, "num_statements": 226, "percent_covered": 96.90265486725664, "percent_covered_display": "97", "missing_lines": 7, "excluded_lines": 0, "percent_statements_covered": 96.90265486725664, "percent_statements_covered_display": "97"}, "missing_lines": [175, 286, 359, 579, 580, 583, 584], "excluded_lines": [], "start_line": 66}, "": {"executed_lines": [16, 18, 19, 20, 21, 22, 24, 25, 32, 39, 42, 54, 66, 83, 84, 86, 105, 169, 179, 237, 303, 364, 393, 413, 431, 446, 480, 515, 519, 534, 542, 586, 647, 659, 660, 661, 663, 664, 665, 666], "summary": {"covered_lines": 40, "num_statements": 40, "percent_covered": 100.0, "percent_covered_display": "100", "missing_lines": 0, "excluded_lines": 3, "percent_statements_covered": 100.0, "percent_statements_covered_display": "100"}, "missing_lines": [], "excluded_lines": [27, 28, 30], "start_line": 1}}}, "rex/brain/classifier.py": {"executed_lines": [12, 14, 15, 16, 17, 18, 19, 21, 22, 24, 31, 38, 44, 49, 55, 69, 72, 74, 83, 84, 85, 86, 87, 88, 90, 91, 105, 112, 115, 117, 119, 121, 123, 126, 127, 128, 129, 135, 167, 170, 171, 172, 173, 175, 176, 179, 180, 182, 186, 187, 188, 189, 190, 192, 193, 201, 203, 205, 224, 227, 228, 229, 231, 232, 235, 236, 237, 240, 241, 246, 247, 248, 259, 260, 272, 278, 281, 282, 283, 285, 286, 288, 294, 295, 297, 298, 301, 302, 306, 307, 308, 309, 310, 311, 312, 313, 314, 315, 316, 317, 318, 320, 332, 333, 345, 351, 354, 355, 357, 358, 361, 363, 364, 366, 367, 370, 371, 375, 376, 377, 389, 395, 398, 399, 400, 403, 404, 406, 409, 410, 411, 423, 424, 425, 426, 440, 441, 443, 445, 446, 447, 448, 460, 466, 469, 470, 471, 472, 474, 475, 477, 479, 480, 481, 482, 483, 497, 498, 499, 500, 504, 506, 507, 519, 525, 528, 529, 531, 532, 534, 535, 536, 537, 539, 540, 543, 544, 545, 548, 549, 551, 567, 570, 571, 573, 574, 577, 578, 581, 582, 584, 585, 586, 587, 588, 601, 602, 603, 605, 606, 619, 620, 621, 639, 642, 643, 644, 646, 647, 649, 650, 654, 655, 656, 658, 659, 662, 663, 664, 665, 666, 667, 668, 669, 673, 674, 675, 676, 677, 680, 681, 682, 683, 686, 687, 688, 689, 690, 691, 695, 696, 697, 698, 699, 702, 703, 704, 722, 725, 726, 728, 729, 731, 732, 733, 734, 736, 737, 739, 742, 743, 744, 756, 757, 775, 778, 779, 781, 782, 784, 787, 788, 790, 791, 792, 795, 796, 800, 801, 802, 859, 862, 863, 864, 866, 867, 869, 870, 872, 875, 885, 886, 889, 890, 930, 933, 934, 937, 940, 941, 943, 944, 947, 948, 955, 956, 969, 970, 973, 977, 985, 998, 1004, 1125], "summary": {"covered_lines": 314, "num_statements": 371, "percent_covered": 84.63611859838275, "percent_covered_display": "85", "missing_lines": 57, "excluded_lines": 0, "percent_statements_covered": 84.63611859838275, "percent_statements_covered_display": "85"}, "missing_lines": [633, 651, 670, 700, 716, 769, 805, 811, 812, 813, 814, 817, 818, 819, 822, 823, 836, 838, 839, 840, 853, 887, 893, 894, 895, 896, 901, 902, 914, 949, 950, 951, 952, 958, 959, 960, 961, 962, 963, 964, 965, 966, 971, 972, 974, 978, 980, 981, 982, 983, 986, 1013, 1127, 1128, 1129, 1130, 1131], "excluded_lines": [], "functions": {"ClassificationResult.__init__": {"executed_lines": [83, 84, 85, 86, 87, 88], "summary": {"covered_lines": 6, "num_statements": 6, "percent_covered": 100.0, "percent_covered_display": "100", "missing_lines": 0, "excluded_lines": 0, "percent_statements_covered": 100.0, "percent_statements_covered_display": "100"}, "missing_lines": [], "excluded_lines": [], "start_line": 74}, "ClassificationResult.to_dict": {"executed_lines": [91], "summary": {"covered_lines": 1, "num_statements": 1, "percent_covered": 100.0, "percent_covered_display": "100", "missing_lines": 0, "excluded_lines": 0, "percent_statements_covered": 100.0, "percent_statements_covered_display": "100"}, "missing_lines": [], "excluded_lines": [], "start_line": 90}, "ThreatClassifier.__init__": {"executed_lines": [115, 117, 119, 121, 123, 126, 127, 128, 129], "summary": {"covered_lines": 9, "num_statements": 9, "percent_covered": 100.0, "percent_covered_display": "100", "missing_lines": 0, "excluded_lines": 0, "percent_statements_covered": 100.0, "percent_statements_covered_display": "100"}, "missing_lines": [], "excluded_lines": [], "start_line": 112}, "ThreatClassifier.classify": {"executed_lines": [167, 170, 171, 172, 173, 175, 176, 179, 180], "summary": {"covered_lines": 9, "num_statements": 9, "percent_covered": 100.0, "percent_covered_display": "100", "missing_lines": 0, "excluded_lines": 0, "percent_statements_covered": 100.0, "percent_statements_covered_display": "100"}, "missing_lines": [], "excluded_lines": [], "start_line": 135}, "ThreatClassifier.classify_detailed": {"executed_lines": [186, 187, 188, 189, 190, 192, 193, 201], "summary": {"covered_lines": 8, "num_statements": 8, "percent_covered": 100.0, "percent_covered_display": "100", "missing_lines": 0, "excluded_lines": 0, "percent_statements_covered": 100.0, "percent_statements_covered_display": "100"}, "missing_lines": [], "excluded_lines": [], "start_line": 182}, "ThreatClassifier._classifiers": {"executed_lines": [205], "summary": {"covered_lines": 1, "num_statements": 1, "percent_covered": 100.0, "percent_covered_display": "100", "missing_lines": 0, "excluded_lines": 0, "percent_statements_covered": 100.0, "percent_statements_covered_display": "100"}, "missing_lines": [], "excluded_lines": [], "start_line": 203}, "ThreatClassifier._classify_port_scan": {"executed_lines": [227, 228, 229, 231, 232, 235, 236, 237, 240, 241, 246, 247, 248, 259, 260, 272], "summary": {"covered_lines": 16, "num_statements": 16, "percent_covered": 100.0, "percent_covered_display": "100", "missing_lines": 0, "excluded_lines": 0, "percent_statements_covered": 100.0, "percent_statements_covered_display": "100"}, "missing_lines": [], "excluded_lines": [], "start_line": 224}, "ThreatClassifier._classify_brute_force": {"executed_lines": [281, 282, 283, 285, 286, 288, 294, 295, 297, 298, 301, 302, 306, 307, 308, 309, 310, 311, 312, 313, 314, 315, 316, 317, 318, 320, 332, 333, 345], "summary": {"covered_lines": 29, "num_statements": 29, "percent_covered": 100.0, "percent_covered_display": "100", "missing_lines": 0, "excluded_lines": 0, "percent_statements_covered": 100.0, "percent_statements_covered_display": "100"}, "missing_lines": [], "excluded_lines": [], "start_line": 278}, "ThreatClassifier._classify_lateral_movement": {"executed_lines": [354, 355, 357, 358, 361, 363, 364, 366, 367, 370, 371, 375, 376, 377, 389], "summary": {"covered_lines": 15, "num_statements": 15, "percent_covered": 100.0, "percent_covered_display": "100", "missing_lines": 0, "excluded_lines": 0, "percent_statements_covered": 100.0, "percent_statements_covered_display": "100"}, "missing_lines": [], "excluded_lines": [], "start_line": 351}, "ThreatClassifier._classify_c2_communication": {"executed_lines": [398, 399, 400, 403, 404, 406, 409, 410, 411, 423, 424, 425, 426, 440, 441, 443, 445, 446, 447, 448, 460], "summary": {"covered_lines": 21, "num_statements": 21, "percent_covered": 100.0, "percent_covered_display": "100", "missing_lines": 0, "excluded_lines": 0, "percent_statements_covered": 100.0, "percent_statements_covered_display": "100"}, "missing_lines": [], "excluded_lines": [], "start_line": 395}, "ThreatClassifier._classify_data_exfiltration": {"executed_lines": [469, 470, 471, 472, 474, 475, 477, 479, 480, 481, 482, 483, 497, 498, 499, 500, 504, 506, 507, 519], "summary": {"covered_lines": 20, "num_statements": 20, "percent_covered": 100.0, "percent_covered_display": "100", "missing_lines": 0, "excluded_lines": 0, "percent_statements_covered": 100.0, "percent_statements_covered_display": "100"}, "missing_lines": [], "excluded_lines": [], "start_line": 466}, "ThreatClassifier._classify_rogue_device": {"executed_lines": [528, 529, 531, 532, 534, 535, 536, 537, 539, 540, 543, 544, 545, 548, 549, 551], "summary": {"covered_lines": 16, "num_statements": 16, "percent_covered": 100.0, "percent_covered_display": "100", "missing_lines": 0, "excluded_lines": 0, "percent_statements_covered": 100.0, "percent_statements_covered_display": "100"}, "missing_lines": [], "excluded_lines": [], "start_line": 525}, "ThreatClassifier._classify_arp_spoofing": {"executed_lines": [570, 571, 573, 574, 577, 578, 581, 582, 584, 585, 586, 587, 588, 601, 602, 603, 605, 606, 619, 620, 621], "summary": {"covered_lines": 21, "num_statements": 22, "percent_covered": 95.45454545454545, "percent_covered_display": "95", "missing_lines": 1, "excluded_lines": 0, "percent_statements_covered": 95.45454545454545, "percent_statements_covered_display": "95"}, "missing_lines": [633], "excluded_lines": [], "start_line": 567}, "ThreatClassifier._classify_dns_tunneling": {"executed_lines": [642, 643, 644, 646, 647, 649, 650, 654, 655, 656, 658, 659, 662, 663, 664, 665, 666, 667, 668, 669, 673, 674, 675, 676, 677, 680, 681, 682, 683, 686, 687, 688, 689, 690, 691, 695, 696, 697, 698, 699, 702, 703, 704], "summary": {"covered_lines": 43, "num_statements": 47, "percent_covered": 91.48936170212765, "percent_covered_display": "91", "missing_lines": 4, "excluded_lines": 0, "percent_statements_covered": 91.48936170212765, "percent_statements_covered_display": "91"}, "missing_lines": [651, 670, 700, 716], "excluded_lines": [], "start_line": 639}, "ThreatClassifier._classify_exposed_service": {"executed_lines": [725, 726, 728, 729, 731, 732, 733, 734, 736, 737, 739, 742, 743, 744, 756, 757], "summary": {"covered_lines": 16, "num_statements": 17, "percent_covered": 94.11764705882354, "percent_covered_display": "94", "missing_lines": 1, "excluded_lines": 0, "percent_statements_covered": 94.11764705882354, "percent_statements_covered_display": "94"}, "missing_lines": [769], "excluded_lines": [], "start_line": 722}, "ThreatClassifier._classify_malware_callback": {"executed_lines": [778, 779, 781, 782, 784, 787, 788, 790, 791, 792, 795, 796, 800, 801, 802], "summary": {"covered_lines": 15, "num_statements": 30, "percent_covered": 50.0, "percent_covered_display": "50", "missing_lines": 15, "excluded_lines": 0, "percent_statements_covered": 50.0, "percent_statements_covered_display": "50"}, "missing_lines": [805, 811, 812, 813, 814, 817, 818, 819, 822, 823, 836, 838, 839, 840, 853], "excluded_lines": [], "start_line": 775}, "ThreatClassifier._classify_credential_theft": {"executed_lines": [862, 863, 864, 866, 867, 869, 870, 872, 875, 885, 886, 889, 890], "summary": {"covered_lines": 13, "num_statements": 21, "percent_covered": 61.904761904761905, "percent_covered_display": "62", "missing_lines": 8, "excluded_lines": 0, "percent_statements_covered": 61.904761904761905, "percent_statements_covered_display": "62"}, "missing_lines": [887, 893, 894, 895, 896, 901, 902, 914], "excluded_lines": [], "start_line": 859}, "ThreatClassifier._classify_iot_compromise": {"executed_lines": [933, 934, 937, 940, 941, 943, 944, 947, 948, 955, 956, 969, 970, 973, 977, 985, 998], "summary": {"covered_lines": 17, "num_statements": 39, "percent_covered": 43.58974358974359, "percent_covered_display": "44", "missing_lines": 22, "excluded_lines": 0, "percent_statements_covered": 43.58974358974359, "percent_statements_covered_display": "44"}, "missing_lines": [949, 950, 951, 952, 958, 959, 960, 961, 962, 963, 964, 965, 966, 971, 972, 974, 978, 980, 981, 982, 983, 986], "excluded_lines": [], "start_line": 930}, "ThreatClassifier.get_signatures": {"executed_lines": [], "summary": {"covered_lines": 0, "num_statements": 1, "percent_covered": 0.0, "percent_covered_display": "0", "missing_lines": 1, "excluded_lines": 0, "percent_statements_covered": 0.0, "percent_statements_covered_display": "0"}, "missing_lines": [1013], "excluded_lines": [], "start_line": 1004}, "ThreatClassifier.reset_trackers": {"executed_lines": [], "summary": {"covered_lines": 0, "num_statements": 5, "percent_covered": 0.0, "percent_covered_display": "0", "missing_lines": 5, "excluded_lines": 0, "percent_statements_covered": 0.0, "percent_statements_covered_display": "0"}, "missing_lines": [1127, 1128, 1129, 1130, 1131], "excluded_lines": [], "start_line": 1125}, "": {"executed_lines": [12, 14, 15, 16, 17, 18, 19, 21, 22, 24, 31, 38, 44, 49, 55, 69, 72, 74, 90, 105, 112, 135, 182, 203, 224, 278, 351, 395, 466, 525, 567, 639, 722, 775, 859, 930, 1004, 1125], "summary": {"covered_lines": 38, "num_statements": 38, "percent_covered": 100.0, "percent_covered_display": "100", "missing_lines": 0, "excluded_lines": 0, "percent_statements_covered": 100.0, "percent_statements_covered_display": "100"}, "missing_lines": [], "excluded_lines": [], "start_line": 1}}, "classes": {"ClassificationResult": {"executed_lines": [83, 84, 85, 86, 87, 88, 91], "summary": {"covered_lines": 7, "num_statements": 7, "percent_covered": 100.0, "percent_covered_display": "100", "missing_lines": 0, "excluded_lines": 0, "percent_statements_covered": 100.0, "percent_statements_covered_display": "100"}, "missing_lines": [], "excluded_lines": [], "start_line": 69}, "ThreatClassifier": {"executed_lines": [115, 117, 119, 121, 123, 126, 127, 128, 129, 167, 170, 171, 172, 173, 175, 176, 179, 180, 186, 187, 188, 189, 190, 192, 193, 201, 205, 227, 228, 229, 231, 232, 235, 236, 237, 240, 241, 246, 247, 248, 259, 260, 272, 281, 282, 283, 285, 286, 288, 294, 295, 297, 298, 301, 302, 306, 307, 308, 309, 310, 311, 312, 313, 314, 315, 316, 317, 318, 320, 332, 333, 345, 354, 355, 357, 358, 361, 363, 364, 366, 367, 370, 371, 375, 376, 377, 389, 398, 399, 400, 403, 404, 406, 409, 410, 411, 423, 424, 425, 426, 440, 441, 443, 445, 446, 447, 448, 460, 469, 470, 471, 472, 474, 475, 477, 479, 480, 481, 482, 483, 497, 498, 499, 500, 504, 506, 507, 519, 528, 529, 531, 532, 534, 535, 536, 537, 539, 540, 543, 544, 545, 548, 549, 551, 570, 571, 573, 574, 577, 578, 581, 582, 584, 585, 586, 587, 588, 601, 602, 603, 605, 606, 619, 620, 621, 642, 643, 644, 646, 647, 649, 650, 654, 655, 656, 658, 659, 662, 663, 664, 665, 666, 667, 668, 669, 673, 674, 675, 676, 677, 680, 681, 682, 683, 686, 687, 688, 689, 690, 691, 695, 696, 697, 698, 699, 702, 703, 704, 725, 726, 728, 729, 731, 732, 733, 734, 736, 737, 739, 742, 743, 744, 756, 757, 778, 779, 781, 782, 784, 787, 788, 790, 791, 792, 795, 796, 800, 801, 802, 862, 863, 864, 866, 867, 869, 870, 872, 875, 885, 886, 889, 890, 933, 934, 937, 940, 941, 943, 944, 947, 948, 955, 956, 969, 970, 973, 977, 985, 998], "summary": {"covered_lines": 269, "num_statements": 326, "percent_covered": 82.51533742331289, "percent_covered_display": "83", "missing_lines": 57, "excluded_lines": 0, "percent_statements_covered": 82.51533742331289, "percent_statements_covered_display": "83"}, "missing_lines": [633, 651, 670, 700, 716, 769, 805, 811, 812, 813, 814, 817, 818, 819, 822, 823, 836, 838, 839, 840, 853, 887, 893, 894, 895, 896, 901, 902, 914, 949, 950, 951, 952, 958, 959, 960, 961, 962, 963, 964, 965, 966, 971, 972, 974, 978, 980, 981, 982, 983, 986, 1013, 1127, 1128, 1129, 1130, 1131], "excluded_lines": [], "start_line": 105}, "": {"executed_lines": [12, 14, 15, 16, 17, 18, 19, 21, 22, 24, 31, 38, 44, 49, 55, 69, 72, 74, 90, 105, 112, 135, 182, 203, 224, 278, 351, 395, 466, 525, 567, 639, 722, 775, 859, 930, 1004, 1125], "summary": {"covered_lines": 38, "num_statements": 38, "percent_covered": 100.0, "percent_covered_display": "100", "missing_lines": 0, "excluded_lines": 0, "percent_statements_covered": 100.0, "percent_statements_covered_display": "100"}, "missing_lines": [], "excluded_lines": [], "start_line": 1}}}, "rex/brain/decision.py": {"executed_lines": [14, 16, 17, 18, 19, 20, 21, 22, 24, 25, 26, 27, 28, 29, 38, 40, 48, 51, 54, 62, 63, 64, 65, 66, 67, 68, 69, 70, 71, 72, 74, 76, 77, 78, 81, 82, 83, 84, 86, 87, 88, 90, 96, 97, 98, 107, 108, 110, 112, 114, 115, 123, 125, 127, 139, 142, 144, 145, 147, 148, 150, 155, 157, 159, 160, 161, 171, 173, 175, 176, 177, 178, 181, 182, 183, 186, 187, 197, 199, 250, 258, 260, 261, 262, 263, 264, 265, 266, 267, 269, 271, 272, 273, 274, 276, 277, 278, 279, 281, 294, 296, 297, 307, 309, 319, 320, 321, 323], "summary": {"covered_lines": 108, "num_statements": 140, "percent_covered": 77.14285714285714, "percent_covered_display": "77", "missing_lines": 32, "excluded_lines": 6, "percent_statements_covered": 77.14285714285714, "percent_statements_covered_display": "77"}, "missing_lines": [146, 149, 151, 152, 153, 154, 201, 202, 203, 204, 205, 206, 207, 208, 209, 211, 218, 219, 226, 230, 241, 242, 243, 244, 245, 246, 247, 248, 252, 290, 291, 292], "excluded_lines": [31, 32, 33, 34, 35, 36], "functions": {"DecisionEngine.__init__": {"executed_lines": [62, 63, 64, 65, 66, 67, 68, 69, 70, 71, 72], "summary": {"covered_lines": 11, "num_statements": 11, "percent_covered": 100.0, "percent_covered_display": "100", "missing_lines": 0, "excluded_lines": 0, "percent_statements_covered": 100.0, "percent_statements_covered_display": "100"}, "missing_lines": [], "excluded_lines": [], "start_line": 54}, "DecisionEngine.evaluate_event": {"executed_lines": [76, 77, 78, 81, 82, 83, 84, 86, 87, 88, 90, 96, 97, 98, 107, 108, 110], "summary": {"covered_lines": 17, "num_statements": 17, "percent_covered": 100.0, "percent_covered_display": "100", "missing_lines": 0, "excluded_lines": 0, "percent_statements_covered": 100.0, "percent_statements_covered_display": "100"}, "missing_lines": [], "excluded_lines": [], "start_line": 74}, "DecisionEngine.execute_decision": {"executed_lines": [114, 115, 123], "summary": {"covered_lines": 3, "num_statements": 3, "percent_covered": 100.0, "percent_covered_display": "100", "missing_lines": 0, "excluded_lines": 0, "percent_statements_covered": 100.0, "percent_statements_covered_display": "100"}, "missing_lines": [], "excluded_lines": [], "start_line": 112}, "DecisionEngine.get_metrics": {"executed_lines": [127], "summary": {"covered_lines": 1, "num_statements": 1, "percent_covered": 100.0, "percent_covered_display": "100", "missing_lines": 0, "excluded_lines": 0, "percent_statements_covered": 100.0, "percent_statements_covered_display": "100"}, "missing_lines": [], "excluded_lines": [], "start_line": 125}, "DecisionEngine._pipeline": {"executed_lines": [142, 144, 145, 147, 148, 150, 155], "summary": {"covered_lines": 7, "num_statements": 13, "percent_covered": 53.84615384615385, "percent_covered_display": "54", "missing_lines": 6, "excluded_lines": 0, "percent_statements_covered": 53.84615384615385, "percent_statements_covered_display": "54"}, "missing_lines": [146, 149, 151, 152, 153, 154], "excluded_lines": [], "start_line": 139}, "DecisionEngine._layer1_signature": {"executed_lines": [159, 160, 161, 171], "summary": {"covered_lines": 4, "num_statements": 4, "percent_covered": 100.0, "percent_covered_display": "100", "missing_lines": 0, "excluded_lines": 0, "percent_statements_covered": 100.0, "percent_statements_covered_display": "100"}, "missing_lines": [], "excluded_lines": [], "start_line": 157}, "DecisionEngine._layer2_statistical": {"executed_lines": [175, 176, 177, 178, 181, 182, 183, 186, 187, 197], "summary": {"covered_lines": 10, "num_statements": 10, "percent_covered": 100.0, "percent_covered_display": "100", "missing_lines": 0, "excluded_lines": 0, "percent_statements_covered": 100.0, "percent_statements_covered_display": "100"}, "missing_lines": [], "excluded_lines": [], "start_line": 173}, "DecisionEngine._layer3_llm": {"executed_lines": [], "summary": {"covered_lines": 0, "num_statements": 22, "percent_covered": 0.0, "percent_covered_display": "0", "missing_lines": 22, "excluded_lines": 0, "percent_statements_covered": 0.0, "percent_statements_covered_display": "0"}, "missing_lines": [201, 202, 203, 204, 205, 206, 207, 208, 209, 211, 218, 219, 226, 230, 241, 242, 243, 244, 245, 246, 247, 248], "excluded_lines": [], "start_line": 199}, "DecisionEngine._layer4_federated": {"executed_lines": [], "summary": {"covered_lines": 0, "num_statements": 1, "percent_covered": 0.0, "percent_covered_display": "0", "missing_lines": 1, "excluded_lines": 0, "percent_statements_covered": 0.0, "percent_statements_covered_display": "0"}, "missing_lines": [252], "excluded_lines": [], "start_line": 250}, "DecisionEngine._parse_llm": {"executed_lines": [260, 261, 262, 263, 264, 265, 266, 267, 269, 271, 272, 273, 274, 276, 277, 278, 279, 281], "summary": {"covered_lines": 18, "num_statements": 21, "percent_covered": 85.71428571428571, "percent_covered_display": "86", "missing_lines": 3, "excluded_lines": 0, "percent_statements_covered": 85.71428571428571, "percent_statements_covered_display": "86"}, "missing_lines": [290, 291, 292], "excluded_lines": [], "start_line": 258}, "DecisionEngine._fallback_decision": {"executed_lines": [296, 297], "summary": {"covered_lines": 2, "num_statements": 2, "percent_covered": 100.0, "percent_covered_display": "100", "missing_lines": 0, "excluded_lines": 0, "percent_statements_covered": 100.0, "percent_statements_covered_display": "100"}, "missing_lines": [], "excluded_lines": [], "start_line": 294}, "DecisionEngine._default_decision": {"executed_lines": [309], "summary": {"covered_lines": 1, "num_statements": 1, "percent_covered": 100.0, "percent_covered_display": "100", "missing_lines": 0, "excluded_lines": 0, "percent_statements_covered": 100.0, "percent_statements_covered_display": "100"}, "missing_lines": [], "excluded_lines": [], "start_line": 307}, "DecisionEngine._update_metrics": {"executed_lines": [320, 321, 323], "summary": {"covered_lines": 3, "num_statements": 3, "percent_covered": 100.0, "percent_covered_display": "100", "missing_lines": 0, "excluded_lines": 0, "percent_statements_covered": 100.0, "percent_statements_covered_display": "100"}, "missing_lines": [], "excluded_lines": [], "start_line": 319}, "": {"executed_lines": [14, 16, 17, 18, 19, 20, 21, 22, 24, 25, 26, 27, 28, 29, 38, 40, 48, 51, 54, 74, 112, 125, 139, 157, 173, 199, 250, 258, 294, 307, 319], "summary": {"covered_lines": 31, "num_statements": 31, "percent_covered": 100.0, "percent_covered_display": "100", "missing_lines": 0, "excluded_lines": 6, "percent_statements_covered": 100.0, "percent_statements_covered_display": "100"}, "missing_lines": [], "excluded_lines": [31, 32, 33, 34, 35, 36], "start_line": 1}}, "classes": {"DecisionEngine": {"executed_lines": [62, 63, 64, 65, 66, 67, 68, 69, 70, 71, 72, 76, 77, 78, 81, 82, 83, 84, 86, 87, 88, 90, 96, 97, 98, 107, 108, 110, 114, 115, 123, 127, 142, 144, 145, 147, 148, 150, 155, 159, 160, 161, 171, 175, 176, 177, 178, 181, 182, 183, 186, 187, 197, 260, 261, 262, 263, 264, 265, 266, 267, 269, 271, 272, 273, 274, 276, 277, 278, 279, 281, 296, 297, 309, 320, 321, 323], "summary": {"covered_lines": 77, "num_statements": 109, "percent_covered": 70.64220183486239, "percent_covered_display": "71", "missing_lines": 32, "excluded_lines": 0, "percent_statements_covered": 70.64220183486239, "percent_statements_covered_display": "71"}, "missing_lines": [146, 149, 151, 152, 153, 154, 201, 202, 203, 204, 205, 206, 207, 208, 209, 211, 218, 219, 226, 230, 241, 242, 243, 244, 245, 246, 247, 248, 252, 290, 291, 292], "excluded_lines": [], "start_line": 51}, "": {"executed_lines": [14, 16, 17, 18, 19, 20, 21, 22, 24, 25, 26, 27, 28, 29, 38, 40, 48, 51, 54, 74, 112, 125, 139, 157, 173, 199, 250, 258, 294, 307, 319], "summary": {"covered_lines": 31, "num_statements": 31, "percent_covered": 100.0, "percent_covered_display": "100", "missing_lines": 0, "excluded_lines": 6, "percent_statements_covered": 100.0, "percent_statements_covered_display": "100"}, "missing_lines": [], "excluded_lines": [31, 32, 33, 34, 35, 36], "start_line": 1}}}, "rex/brain/llm.py": {"executed_lines": [19, 21, 22, 23, 24, 25, 26, 27, 28, 29, 31, 33, 34, 36, 42, 43, 45, 46, 48, 49, 51, 52, 55, 58, 59, 62, 65, 72, 76, 79, 82, 85, 89, 92, 95, 99, 110, 113, 114, 144, 145, 148, 149, 157, 172, 177, 178, 179, 183, 184, 185, 186, 187, 189, 190, 192, 194, 195, 197, 198, 199, 202, 206, 208, 213, 215, 217, 218, 219, 223, 239, 240, 241, 247, 249, 250, 251, 252, 255, 257, 262, 263, 264, 265, 269, 271, 272, 276, 279, 280, 281, 283, 285, 286, 287, 288, 289, 290, 291, 292, 293, 294, 298, 306, 307, 308, 309, 310, 311, 313, 314, 316, 318, 319, 322, 323, 327, 366, 367, 369, 379, 380, 382, 383, 384, 385, 386, 391, 392, 393, 394, 396, 397, 398, 402, 403, 404, 409, 410, 411, 412, 413, 418, 419, 420, 422, 423, 424, 428, 433, 469, 477, 480, 481, 482, 485, 486, 492, 500, 501, 502, 503, 505, 515, 525, 526, 527, 528, 529, 530, 535, 537, 538, 539, 540, 541, 542, 543, 544, 546, 559, 560, 565, 570, 575, 580, 585, 586, 587, 588, 590, 593, 596, 601, 606, 610, 612, 626, 628, 630, 631, 632, 633, 634, 635, 636, 643, 670, 676, 677, 681, 682, 683, 684, 686, 687, 689, 691, 692, 694, 696, 725, 733, 765, 767, 772, 773, 776, 783, 788, 795, 797, 804, 812, 813, 815, 818, 819, 821, 823, 824, 825, 828, 829, 830, 831, 832, 833, 836, 837, 838, 839, 840, 841, 842, 843, 844, 846], "summary": {"covered_lines": 258, "num_statements": 260, "percent_covered": 99.23076923076923, "percent_covered_display": "99", "missing_lines": 2, "excluded_lines": 0, "percent_statements_covered": 99.23076923076923, "percent_statements_covered_display": "99"}, "missing_lines": [209, 320], "excluded_lines": [], "functions": {"LLMProvider.generate": {"executed_lines": [], "summary": {"covered_lines": 0, "num_statements": 0, "percent_covered": 100.0, "percent_covered_display": "100", "missing_lines": 0, "excluded_lines": 0, "percent_statements_covered": 100.0, "percent_statements_covered_display": "100"}, "missing_lines": [], "excluded_lines": [], "start_line": 114}, "LLMProvider.is_available": {"executed_lines": [], "summary": {"covered_lines": 0, "num_statements": 0, "percent_covered": 100.0, "percent_covered_display": "100", "missing_lines": 0, "excluded_lines": 0, "percent_statements_covered": 100.0, "percent_statements_covered_display": "100"}, "missing_lines": [], "excluded_lines": [], "start_line": 145}, "LLMProvider.get_privacy_level": {"executed_lines": [], "summary": {"covered_lines": 0, "num_statements": 0, "percent_covered": 100.0, "percent_covered_display": "100", "missing_lines": 0, "excluded_lines": 0, "percent_statements_covered": 100.0, "percent_statements_covered_display": "100"}, "missing_lines": [], "excluded_lines": [], "start_line": 149}, "OllamaClient.__init__": {"executed_lines": [177, 178, 179, 183, 184, 185, 186, 187], "summary": {"covered_lines": 8, "num_statements": 8, "percent_covered": 100.0, "percent_covered_display": "100", "missing_lines": 0, "excluded_lines": 0, "percent_statements_covered": 100.0, "percent_statements_covered_display": "100"}, "missing_lines": [], "excluded_lines": [], "start_line": 172}, "OllamaClient.base_url": {"executed_lines": [197, 198, 199, 202], "summary": {"covered_lines": 4, "num_statements": 4, "percent_covered": 100.0, "percent_covered_display": "100", "missing_lines": 0, "excluded_lines": 0, "percent_statements_covered": 100.0, "percent_statements_covered_display": "100"}, "missing_lines": [], "excluded_lines": [], "start_line": 195}, "OllamaClient._get_client": {"executed_lines": [208, 213], "summary": {"covered_lines": 2, "num_statements": 3, "percent_covered": 66.66666666666667, "percent_covered_display": "67", "missing_lines": 1, "excluded_lines": 0, "percent_statements_covered": 66.66666666666667, "percent_statements_covered_display": "67"}, "missing_lines": [209], "excluded_lines": [], "start_line": 206}, "OllamaClient.close": {"executed_lines": [217, 218, 219], "summary": {"covered_lines": 3, "num_statements": 3, "percent_covered": 100.0, "percent_covered_display": "100", "missing_lines": 0, "excluded_lines": 0, "percent_statements_covered": 100.0, "percent_statements_covered_display": "100"}, "missing_lines": [], "excluded_lines": [], "start_line": 215}, "OllamaClient.auto_select_model": {"executed_lines": [239, 240, 241, 247, 249, 250, 251, 252, 255, 257, 262, 263, 264, 265, 269, 271, 272, 276, 279, 280, 281], "summary": {"covered_lines": 21, "num_statements": 21, "percent_covered": 100.0, "percent_covered_display": "100", "missing_lines": 0, "excluded_lines": 0, "percent_statements_covered": 100.0, "percent_statements_covered_display": "100"}, "missing_lines": [], "excluded_lines": [], "start_line": 223}, "OllamaClient._list_models": {"executed_lines": [285, 286, 287, 288, 289, 290, 291, 292, 293, 294], "summary": {"covered_lines": 10, "num_statements": 10, "percent_covered": 100.0, "percent_covered_display": "100", "missing_lines": 0, "excluded_lines": 0, "percent_statements_covered": 100.0, "percent_statements_covered_display": "100"}, "missing_lines": [], "excluded_lines": [], "start_line": 283}, "OllamaClie
[...]
sing_lines": 0, "excluded_lines": 0, "percent_statements_covered": 100.0, "percent_statements_covered_display": "100"}, "missing_lines": [], "excluded_lines": [], "start_line": 333}, "FirewallManager.get_active_rules": {"executed_lines": [394, 396, 400, 401, 402, 405, 406, 407, 408, 409, 413, 414, 416], "summary": {"covered_lines": 13, "num_statements": 13, "percent_covered": 100.0, "percent_covered_display": "100", "missing_lines": 0, "excluded_lines": 0, "percent_statements_covered": 100.0, "percent_statements_covered_display": "100"}, "missing_lines": [], "excluded_lines": [], "start_line": 384}, "FirewallManager.panic_restore": {"executed_lines": [433, 438, 439, 440, 441, 442, 445, 446, 447, 449, 453], "summary": {"covered_lines": 11, "num_statements": 11, "percent_covered": 100.0, "percent_covered_display": "100", "missing_lines": 0, "excluded_lines": 0, "percent_statements_covered": 100.0, "percent_statements_covered_display": "100"}, "missing_lines": [], "excluded_lines": [], "start_line": 422}, "FirewallManager.cleanup": {"executed_lines": [461, 463, 464, 465, 466, 468, 470], "summary": {"covered_lines": 7, "num_statements": 7, "percent_covered": 100.0, "percent_covered_display": "100", "missing_lines": 0, "excluded_lines": 0, "percent_statements_covered": 100.0, "percent_statements_covered_display": "100"}, "missing_lines": [], "excluded_lines": [], "start_line": 459}, "FirewallManager.persist_rules": {"executed_lines": [474, 475, 476, 477, 478, 482, 483, 484, 485, 486, 487], "summary": {"covered_lines": 11, "num_statements": 11, "percent_covered": 100.0, "percent_covered_display": "100", "missing_lines": 0, "excluded_lines": 0, "percent_statements_covered": 100.0, "percent_statements_covered_display": "100"}, "missing_lines": [], "excluded_lines": [], "start_line": 472}, "FirewallManager._check_safety": {"executed_lines": [508, 509, 517, 520, 521, 527, 528, 534, 535, 541, 542, 544, 545, 552, 553], "summary": {"covered_lines": 15, "num_statements": 15, "percent_covered": 100.0, "percent_covered_display": "100", "missing_lines": 0, "excluded_lines": 0, "percent_statements_covered": 100.0, "percent_statements_covered_display": "100"}, "missing_lines": [], "excluded_lines": [], "start_line": 493}, "FirewallManager._check_rate_limit": {"executed_lines": [570, 571, 574, 575, 580], "summary": {"covered_lines": 5, "num_statements": 5, "percent_covered": 100.0, "percent_covered_display": "100", "missing_lines": 0, "excluded_lines": 0, "percent_statements_covered": 100.0, "percent_statements_covered_display": "100"}, "missing_lines": [], "excluded_lines": [], "start_line": 559}, "FirewallManager._auto_rollback_loop": {"executed_lines": [595, 596, 597, 600, 601, 605, 606, 610, 611, 618, 619, 620, 621, 622], "summary": {"covered_lines": 14, "num_statements": 16, "percent_covered": 87.5, "percent_covered_display": "88", "missing_lines": 2, "excluded_lines": 0, "percent_statements_covered": 87.5, "percent_statements_covered_display": "88"}, "missing_lines": [612, 613], "excluded_lines": [], "start_line": 586}, "FirewallManager._auto_rollback_check": {"executed_lines": [631, 632, 634, 635, 641, 642, 647, 648, 651, 652, 655, 656, 661], "summary": {"covered_lines": 13, "num_statements": 13, "percent_covered": 100.0, "percent_covered_display": "100", "missing_lines": 0, "excluded_lines": 0, "percent_statements_covered": 100.0, "percent_statements_covered_display": "100"}, "missing_lines": [], "excluded_lines": [], "start_line": 624}, "FirewallManager._rules_path": {"executed_lines": [669], "summary": {"covered_lines": 1, "num_statements": 1, "percent_covered": 100.0, "percent_covered_display": "100", "missing_lines": 0, "excluded_lines": 0, "percent_statements_covered": 100.0, "percent_statements_covered_display": "100"}, "missing_lines": [], "excluded_lines": [], "start_line": 667}, "FirewallManager._load_persisted_rules": {"executed_lines": [673, 674, 675, 676, 678, 679, 680, 681, 682, 683, 684, 685, 688, 691, 692], "summary": {"covered_lines": 15, "num_statements": 15, "percent_covered": 100.0, "percent_covered_display": "100", "missing_lines": 0, "excluded_lines": 0, "percent_statements_covered": 100.0, "percent_statements_covered_display": "100"}, "missing_lines": [], "excluded_lines": [], "start_line": 671}, "": {"executed_lines": [15, 17, 18, 19, 20, 21, 22, 23, 24, 26, 27, 28, 29, 37, 40, 41, 44, 55, 70, 132, 201, 235, 291, 333, 384, 422, 459, 472, 493, 559, 586, 624, 667, 671], "summary": {"covered_lines": 34, "num_statements": 34, "percent_covered": 100.0, "percent_covered_display": "100", "missing_lines": 0, "excluded_lines": 4, "percent_statements_covered": 100.0, "percent_statements_covered_display": "100"}, "missing_lines": [], "excluded_lines": [31, 32, 34, 35], "start_line": 1}}, "classes": {"FirewallManager": {"executed_lines": [56, 57, 58, 59, 60, 61, 62, 63, 64, 76, 79, 80, 81, 82, 89, 90, 91, 92, 93, 94, 95, 96, 97, 98, 103, 110, 111, 112, 113, 114, 115, 118, 119, 122, 123, 164, 165, 167, 172, 173, 174, 176, 177, 178, 179, 180, 186, 195, 196, 198, 199, 214, 216, 217, 218, 219, 220, 225, 226, 227, 229, 230, 231, 233, 257, 258, 260, 264, 265, 266, 267, 270, 275, 276, 285, 287, 288, 289, 306, 308, 309, 310, 311, 314, 318, 319, 323, 325, 326, 328, 331, 352, 353, 355, 360, 362, 363, 364, 365, 366, 370, 378, 379, 381, 382, 394, 396, 400, 401, 402, 405, 406, 407, 408, 409, 413, 414, 416, 433, 438, 439, 440, 441, 442, 445, 446, 447, 449, 453, 461, 463, 464, 465, 466, 468, 470, 474, 475, 476, 477, 478, 482, 483, 484, 485, 486, 487, 508, 509, 517, 520, 521, 527, 528, 534, 535, 541, 542, 544, 545, 552, 553, 570, 571, 574, 575, 580, 595, 596, 597, 600, 601, 605, 606, 610, 611, 618, 619, 620, 621, 622, 631, 632, 634, 635, 641, 642, 647, 648, 651, 652, 655, 656, 661, 669, 673, 674, 675, 676, 678, 679, 680, 681, 682, 683, 684, 685, 688, 691, 692], "summary": {"covered_lines": 210, "num_statements": 212, "percent_covered": 99.05660377358491, "percent_covered_display": "99", "missing_lines": 2, "excluded_lines": 0, "percent_statements_covered": 99.05660377358491, "percent_statements_covered_display": "99"}, "missing_lines": [612, 613], "excluded_lines": [], "start_line": 44}, "": {"executed_lines": [15, 17, 18, 19, 20, 21, 22, 23, 24, 26, 27, 28, 29, 37, 40, 41, 44, 55, 70, 132, 201, 235, 291, 333, 384, 422, 459, 472, 493, 559, 586, 624, 667, 671], "summary": {"covered_lines": 34, "num_statements": 34, "percent_covered": 100.0, "percent_covered_display": "100", "missing_lines": 0, "excluded_lines": 4, "percent_statements_covered": 100.0, "percent_statements_covered_display": "100"}, "missing_lines": [], "excluded_lines": [31, 32, 34, 35], "start_line": 1}}}, "rex/teeth/isolator.py": {"executed_lines": [9, 11, 12, 13, 15, 21, 24, 36, 37, 38, 40, 41, 47, 70, 71, 75, 77, 81, 82, 83, 84, 87, 89, 96, 99, 105, 132, 133, 138, 140, 146, 147, 148, 149, 153, 159, 160, 161, 172, 180, 188, 191, 197, 211, 212, 215, 217, 218, 220, 225, 226, 227, 228, 231, 233, 235, 238, 244, 253, 254, 255, 263, 265, 277, 279, 281, 287, 303, 304, 306], "summary": {"covered_lines": 70, "num_statements": 72, "percent_covered": 97.22222222222223, "percent_covered_display": "97", "missing_lines": 2, "excluded_lines": 3, "percent_statements_covered": 97.22222222222223, "percent_statements_covered_display": "97"}, "missing_lines": [175, 176], "excluded_lines": [17, 18, 19], "functions": {"DeviceIsolator.__init__": {"executed_lines": [37, 38, 40, 41], "summary": {"covered_lines": 4, "num_statements": 4, "percent_covered": 100.0, "percent_covered_display": "100", "missing_lines": 0, "excluded_lines": 0, "percent_statements_covered": 100.0, "percent_statements_covered_display": "100"}, "missing_lines": [], "excluded_lines": [], "start_line": 36}, "DeviceIsolator.isolate": {"executed_lines": [70, 71, 75, 77, 81, 82, 83, 84, 87, 89, 96, 99], "summary": {"covered_lines": 12, "num_statements": 12, "percent_covered": 100.0, "percent_covered_display": "100", "missing_lines": 0, "excluded_lines": 0, "percent_statements_covered": 100.0, "percent_statements_covered_display": "100"}, "missing_lines": [], "excluded_lines": [], "start_line": 47}, "DeviceIsolator.partial_isolate": {"executed_lines": [132, 133, 138, 140, 146, 147, 148, 149, 153, 159, 160, 161, 172, 180, 188, 191], "summary": {"covered_lines": 16, "num_statements": 18, "percent_covered": 88.88888888888889, "percent_covered_display": "89", "missing_lines": 2, "excluded_lines": 0, "percent_statements_covered": 88.88888888888889, "percent_statements_covered_display": "89"}, "missing_lines": [175, 176], "excluded_lines": [], "start_line": 105}, "DeviceIsolator.release": {"executed_lines": [211, 212, 215, 217, 218, 220, 225, 226, 227, 228, 231, 233, 235, 238], "summary": {"covered_lines": 14, "num_statements": 14, "percent_covered": 100.0, "percent_covered_display": "100", "missing_lines": 0, "excluded_lines": 0, "percent_statements_covered": 100.0, "percent_statements_covered_display": "100"}, "missing_lines": [], "excluded_lines": [], "start_line": 197}, "DeviceIsolator.get_quarantined_devices": {"executed_lines": [253, 254, 255, 263], "summary": {"covered_lines": 4, "num_statements": 4, "percent_covered": 100.0, "percent_covered_display": "100", "missing_lines": 0, "excluded_lines": 0, "percent_statements_covered": 100.0, "percent_statements_covered_display": "100"}, "missing_lines": [], "excluded_lines": [], "start_line": 244}, "DeviceIsolator.is_quarantined": {"executed_lines": [277], "summary": {"covered_lines": 1, "num_statements": 1, "percent_covered": 100.0, "percent_covered_display": "100", "missing_lines": 0, "excluded_lines": 0, "percent_statements_covered": 100.0, "percent_statements_covered_display": "100"}, "missing_lines": [], "excluded_lines": [], "start_line": 265}, "DeviceIsolator.get_quarantine_count": {"executed_lines": [281], "summary": {"covered_lines": 1, "num_statements": 1, "percent_covered": 100.0, "percent_covered_display": "100", "missing_lines": 0, "excluded_lines": 0, "percent_statements_covered": 100.0, "percent_statements_covered_display": "100"}, "missing_lines": [], "excluded_lines": [], "start_line": 279}, "DeviceIsolator.quarantine_landing_html": {"executed_lines": [303, 304, 306], "summary": {"covered_lines": 3, "num_statements": 3, "percent_covered": 100.0, "percent_covered_display": "100", "missing_lines": 0, "excluded_lines": 0, "percent_statements_covered": 100.0, "percent_statements_covered_display": "100"}, "missing_lines": [], "excluded_lines": [], "start_line": 287}, "": {"executed_lines": [9, 11, 12, 13, 15, 21, 24, 36, 47, 105, 197, 244, 265, 279, 287], "summary": {"covered_lines": 15, "num_statements": 15, "percent_covered": 100.0, "percent_covered_display": "100", "missing_lines": 0, "excluded_lines": 3, "percent_statements_covered": 100.0, "percent_statements_covered_display": "100"}, "missing_lines": [], "excluded_lines": [17, 18, 19], "start_line": 1}}, "classes": {"DeviceIsolator": {"executed_lines": [37, 38, 40, 41, 70, 71, 75, 77, 81, 82, 83, 84, 87, 89, 96, 99, 132, 133, 138, 140, 146, 147, 148, 149, 153, 159, 160, 161, 172, 180, 188, 191, 211, 212, 215, 217, 218, 220, 225, 226, 227, 228, 231, 233, 235, 238, 253, 254, 255, 263, 277, 281, 303, 304, 306], "summary": {"covered_lines": 55, "num_statements": 57, "percent_covered": 96.49122807017544, "percent_covered_display": "96", "missing_lines": 2, "excluded_lines": 0, "percent_statements_covered": 96.49122807017544, "percent_statements_covered_display": "96"}, "missing_lines": [175, 176], "excluded_lines": [], "start_line": 24}, "": {"executed_lines": [9, 11, 12, 13, 15, 21, 24, 36, 47, 105, 197, 244, 265, 279, 287], "summary": {"covered_lines": 15, "num_statements": 15, "percent_covered": 100.0, "percent_covered_display": "100", "missing_lines": 0, "excluded_lines": 3, "percent_statements_covered": 100.0, "percent_statements_covered_display": "100"}, "missing_lines": [], "excluded_lines": [17, 18, 19], "start_line": 1}}}, "rex/teeth/service.py": {"executed_lines": [14, 16, 17, 18, 20, 21, 26, 32, 33, 34, 35, 36, 37, 38, 44, 47, 58, 72, 73, 74, 75, 76, 77, 78, 79, 85, 86, 87, 89, 99, 102, 103, 104, 105, 106, 115, 121, 122, 123, 124, 125, 126, 129, 132, 133, 135, 141, 143, 145, 146, 148, 149, 150, 151, 152, 153, 155, 161, 170, 175, 185, 187, 188, 189, 192, 194, 195, 196, 197, 198, 199, 201, 202, 203, 204, 208, 210, 211, 212, 213, 215, 223, 225, 226, 231, 238, 241, 242, 247, 253, 256, 259, 261, 262, 263, 264, 265, 267, 276, 284, 285, 289, 296, 297, 301, 312, 323, 326, 327, 330, 331, 334, 335, 338, 340, 357, 360, 362, 363, 364, 365, 369, 370, 371, 372, 376, 377, 378, 379, 383, 384, 385, 386, 390, 392, 398, 407, 416, 417, 418, 419, 423, 431, 439, 440, 441, 442, 450, 457, 459, 460, 461, 463, 464, 465, 466, 467, 468, 469, 471, 472, 473, 474, 476, 478, 479, 484], "summary": {"covered_lines": 167, "num_statements": 170, "percent_covered": 98.23529411764706, "percent_covered_display": "98", "missing_lines": 3, "excluded_lines": 3, "percent_statements_covered": 98.23529411764706, "percent_statements_covered_display": "98"}, "missing_lines": [107, 108, 113], "excluded_lines": [40, 41, 42], "functions": {"TeethService.__init__": {"executed_lines": [73, 74, 75, 76, 77, 78, 79], "summary": {"covered_lines": 7, "num_statements": 7, "percent_covered": 100.0, "percent_covered_display": "100", "missing_lines": 0, "excluded_lines": 0, "percent_statements_covered": 100.0, "percent_statements_covered_display": "100"}, "missing_lines": [], "excluded_lines": [], "start_line": 72}, "TeethService.service_name": {"executed_lines": [87], "summary": {"covered_lines": 1, "num_statements": 1, "percent_covered": 100.0, "percent_covered_display": "100", "missing_lines": 0, "excluded_lines": 0, "percent_statements_covered": 100.0, "percent_statements_covered_display": "100"}, "missing_lines": [], "excluded_lines": [], "start_line": 86}, "TeethService._on_start": {"executed_lines": [99, 102, 103, 104, 105, 106, 115, 121, 122, 123, 124, 125, 126, 129, 132, 133, 135], "summary": {"covered_lines": 17, "num_statements": 20, "percent_covered": 85.0, "percent_covered_display": "85", "missing_lines": 3, "excluded_lines": 0, "percent_statements_covered": 85.0, "percent_statements_covered_display": "85"}, "missing_lines": [107, 108, 113], "excluded_lines": [], "start_line": 89}, "TeethService._on_stop": {"executed_lines": [143, 145, 146, 148, 149, 150, 151, 152, 153, 155], "summary": {"covered_lines": 10, "num_statements": 10, "percent_covered": 100.0, "percent_covered_display": "100", "missing_lines": 0, "excluded_lines": 0, "percent_statements_covered": 100.0, "percent_statements_covered_display": "100"}, "missing_lines": [], "excluded_lines": [], "start_line": 141}, "TeethService._consume_loop": {"executed_lines": [170], "summary": {"covered_lines": 1, "num_statements": 1, "percent_covered": 100.0, "percent_covered_display": "100", "missing_lines": 0, "excluded_lines": 0, "percent_statements_covered": 100.0, "percent_statements_covered_display": "100"}, "missing_lines": [], "excluded_lines": [], "start_line": 161}, "TeethService._handle_decision_message": {"executed_lines": [185, 187, 188, 189, 192, 194, 195, 196, 197, 198, 199, 201, 202, 203, 204, 208, 210, 211, 212, 213, 215, 223, 225, 226, 231, 238, 241, 242, 247, 253, 256, 259, 261, 262, 263, 264, 265, 267, 276, 284, 285, 289, 296, 297, 301], "summary": {"covered_lines": 45, "num_statements": 45, "percent_covered": 100.0, "percent_covered_display": "100", "missing_lines": 0, "excluded_lines": 0, "percent_statements_covered": 100.0, "percent_statements_covered_display": "100"}, "missing_lines": [], "excluded_lines": [], "start_line": 175}, "TeethService._should_enforce": {"executed_lines": [323, 326, 327, 330, 331, 334, 335, 338], "summary": {"covered_lines": 8, "num_statements": 8, "percent_covered": 100.0, "percent_covered_display": "100", "missing_lines": 0, "excluded_lines": 0, "percent_statements_covered": 100.0, "percent_statements_covered_display": "100"}, "missing_lines": [], "excluded_lines": [], "start_line": 312}, "TeethService._build_action_params": {"executed_lines": [357, 360, 362, 363, 364, 365, 369, 370, 371, 372, 376, 377, 378, 379, 383, 384, 385, 386, 390, 392], "summary": {"covered_lines": 20, "num_statements": 20, "percent_covered": 100.0, "percent_covered_display": "100", "missing_lines": 0, "excluded_lines": 0, "percent_statements_covered": 100.0, "percent_statements_covered_display": "100"}, "missing_lines": [], "excluded_lines": [], "start_line": 340}, "TeethService._publish_action_event": {"executed_lines": [407, 416, 417, 418, 419], "summary": {"covered_lines": 5, "num_statements": 5, "percent_covered": 100.0, "percent_covered_display": "100", "missing_lines": 0, "excluded_lines": 0, "percent_statements_covered": 100.0, "percent_statements_covered_display": "100"}, "missing_lines": [], "excluded_lines": [], "start_line": 398}, "TeethService._publish_failure_event": {"executed_lines": [431, 439, 440, 441, 442], "summary": {"covered_lines": 5, "num_statements": 5, "percent_covered": 100.0, "percent_covered_display": "100", "missing_lines": 0, "excluded_lines": 0, "percent_statements_covered": 100.0, "percent_statements_covered_display": "100"}, "missing_lines": [], "excluded_lines": [], "start_line": 423}, "TeethService._check_prerequisites": {"executed_lines": [457, 459, 460, 461, 463, 464, 465, 466, 467, 468, 469, 471, 472, 473, 474, 476, 478, 479, 484], "summary": {"covered_lines": 19, "num_statements": 19, "percent_covered": 100.0, "percent_covered_display": "100", "missing_lines": 0, "excluded_lines": 0, "percent_statements_covered": 100.0, "percent_statements_covered_display": "100"}, "missing_lines": [], "excluded_lines": [], "start_line": 450}, "": {"executed_lines": [14, 16, 17, 18, 20, 21, 26, 32, 33, 34, 35, 36, 37, 38, 44, 47, 58, 72, 85, 86, 89, 141, 161, 175, 312, 340, 398, 423, 450], "summary": {"covered_lines": 29, "num_statements": 29, "percent_covered": 100.0, "percent_covered_display": "100", "missing_lines": 0, "excluded_lines": 3, "percent_statements_covered": 100.0, "percent_statements_covered_display": "100"}, "missing_lines": [], "excluded_lines": [40, 41, 42], "start_line": 1}}, "classes": {"TeethService": {"executed_lines": [73, 74, 75, 76, 77, 78, 79, 87, 99, 102, 103, 104, 105, 106, 115, 121, 122, 123, 124, 125, 126, 129, 132, 133, 135, 143, 145, 146, 148, 149, 150, 151, 152, 153, 155, 170, 185, 187, 188, 189, 192, 194, 195, 196, 197, 198, 199, 201, 202, 203, 204, 208, 210, 211, 212, 213, 215, 223, 225, 226, 231, 238, 241, 242, 247, 253, 256, 259, 261, 262, 263, 264, 265, 267, 276, 284, 285, 289, 296, 297, 301, 323, 326, 327, 330, 331, 334, 335, 338, 357, 360, 362, 363, 364, 365, 369, 370, 371, 372, 376, 377, 378, 379, 383, 384, 385, 386, 390, 392, 407, 416, 417, 418, 419, 431, 439, 440, 441, 442, 457, 459, 460, 461, 463, 464, 465, 466, 467, 468, 469, 471, 472, 473, 474, 476, 478, 479, 484], "summary": {"covered_lines": 138, "num_statements": 141, "percent_covered": 97.87234042553192, "percent_covered_display": "98", "missing_lines": 3, "excluded_lines": 0, "percent_statements_covered": 97.87234042553192, "percent_statements_covered_display": "98"}, "missing_lines": [107, 108, 113], "excluded_lines": [], "start_line": 58}, "": {"executed_lines": [14, 16, 17, 18, 20, 21, 26, 32, 33, 34, 35, 36, 37, 38, 44, 47, 58, 72, 85, 86, 89, 141, 161, 175, 312, 340, 398, 423, 450], "summary": {"covered_lines": 29, "num_statements": 29, "percent_covered": 100.0, "percent_covered_display": "100", "missing_lines": 0, "excluded_lines": 3, "percent_statements_covered": 100.0, "percent_statements_covered_display": "100"}, "missing_lines": [], "excluded_lines": [40, 41, 42], "start_line": 1}}}}, "totals": {"covered_lines": 10243, "num_statements": 12040, "percent_covered": 85.07475083056478, "percent_covered_display": "85", "missing_lines": 1797, "excluded_lines": 163, "percent_statements_covered": 85.07475083056478, "percent_statements_covered_display": "85"}}